Log file open, 09/28/17 19:46:38
LogWindows: Failed to load 'aqProf.dll' (GetLastError=126)
LogWindows: File 'aqProf.dll' does not exist
LogWindows: Failed to load 'VtuneApi.dll' (GetLastError=126)
LogWindows: File 'VtuneApi.dll' does not exist
LogWindows: Failed to load 'VtuneApi32e.dll' (GetLastError=126)
LogWindows: File 'VtuneApi32e.dll' does not exist
LogInit: Display: Running engine for game: Tutorial2_AndreGema
LogPlatformFile: Not using cached read wrapper
LogInit: Display: RandInit(-1686176802) SRandInit(-1686176802).
LogTaskGraph: Started task graph with 5 named threads and 14 total threads with 3 sets of task threads.
LogStats: Stats thread started at 0.266303
LogD3D11RHI: Aftermath initialized
LogPluginManager: Mounting plugin Paper2D
LogPluginManager: Mounting plugin LightPropagationVolume
LogPluginManager: Mounting plugin CodeLiteSourceCodeAccess
LogPluginManager: Mounting plugin GitSourceControl
LogPluginManager: Mounting plugin KDevelopSourceCodeAccess
LogPluginManager: Mounting plugin NullSourceCodeAccess
LogPluginManager: Mounting plugin PerforceSourceControl
LogPluginManager: Mounting plugin SubversionSourceControl
LogPluginManager: Mounting plugin UObjectPlugin
LogPluginManager: Mounting plugin VisualStudioSourceCodeAccess
LogPluginManager: Mounting plugin XCodeSourceCodeAccess
LogPluginManager: Mounting plugin AssetManagerEditor
LogPluginManager: Mounting plugin AudioCapture
LogPluginManager: Mounting plugin FacialAnimation
LogPluginManager: Mounting plugin GameplayTagsEditor
LogPluginManager: Mounting plugin MobileLauncherProfileWizard
LogPluginManager: Mounting plugin PluginBrowser
LogPluginManager: Mounting plugin SpeedTreeImporter
LogPluginManager: Mounting plugin AlembicImporter
LogPluginManager: Mounting plugin CharacterAI
LogPluginManager: Mounting plugin HTML5Networking
LogPluginManager: Mounting plugin AndroidMedia
LogPluginManager: Mounting plugin AvfMedia
LogPluginManager: Mounting plugin MediaPlayerEditor
LogPluginManager: Mounting plugin WmfMedia
LogPluginManager: Mounting plugin TcpMessaging
LogPluginManager: Mounting plugin UdpMessaging
LogPluginManager: Mounting plugin LevelSequenceEditor
LogPluginManager: Mounting plugin MatineeToLevelSequence
LogPluginManager: Mounting plugin OnlineSubsystemGooglePlay
LogPluginManager: Mounting plugin OnlineSubsystemIOS
LogPluginManager: Mounting plugin OnlineSubsystem
LogPluginManager: Mounting plugin OnlineSubsystemNull
LogPluginManager: Mounting plugin OnlineSubsystemUtils
LogPluginManager: Mounting plugin AndroidDeviceProfileSelector
LogPluginManager: Mounting plugin AndroidMoviePlayer
LogPluginManager: Mounting plugin AndroidPermission
LogPluginManager: Mounting plugin AppleMoviePlayer
LogPluginManager: Mounting plugin ArchVisCharacter
LogPluginManager: Mounting plugin CableComponent
LogPluginManager: Mounting plugin CustomMeshComponent
LogPluginManager: Mounting plugin ExampleDeviceProfileSelector
LogPluginManager: Mounting plugin GoogleCloudMessaging
LogPluginManager: Mounting plugin ImmediatePhysics
LogPluginManager: Mounting plugin IOSDeviceProfileSelector
LogPluginManager: Mounting plugin LinuxDeviceProfileSelector
LogPluginManager: Mounting plugin LocationServicesBPLibrary
LogPluginManager: Mounting plugin MobilePatchingUtils
LogPluginManager: Mounting plugin OculusVR
LogPluginManager: Mounting plugin PhysXVehicles
LogPluginManager: Mounting plugin ProceduralMeshComponent
LogPluginManager: Mounting plugin RuntimePhysXCooking
LogPluginManager: Mounting plugin SteamVR
LogPluginManager: Mounting plugin WindowsMoviePlayer
LogInit: Using libcurl 7.47.1
LogInit:  - built for x86_64-pc-win32
LogInit:  - supports SSL with OpenSSL/1.0.2g
LogInit:  - supports HTTP deflate (compression) using libz 1.2.8
LogInit:  - other features:
LogInit:      CURL_VERSION_SSL
LogInit:      CURL_VERSION_LIBZ
LogInit:      CURL_VERSION_IPV6
LogInit:      CURL_VERSION_ASYNCHDNS
LogInit:      CURL_VERSION_LARGEFILE
LogInit:      CURL_VERSION_IDN
LogInit:  CurlRequestOptions (configurable via config and command line):
LogInit:  - bVerifyPeer = false  - Libcurl will NOT verify peer certificate
LogInit:  - bUseHttpProxy = false  - Libcurl will NOT use HTTP proxy
LogInit:  - bDontReuseConnections = false  - Libcurl will reuse connections
LogInit:  - CertBundlePath = nullptr  - Libcurl will use whatever was configured at build time.
LogInit: Build: ++UE4+Release-4.17-CL-3658906
LogInit: Engine Version: 4.17.2-3658906+++UE4+Release-4.17
LogInit: Compatible Engine Version: 4.17.0-3573198+++UE4+Release-4.17
LogInit: Net CL: 3573198
LogDevObjectVersion: Number of dev versions registered: 16
LogDevObjectVersion:   Dev-Blueprints (B0D832E4-1F89-4F0D-ACCF-7EB736FD4AA2): 10
LogDevObjectVersion:   Dev-Build (E1C64328-A22C-4D53-A36C-8E866417BD8C): 0
LogDevObjectVersion:   Dev-Core (375EC13C-06E4-48FB-B500-84F0262A717E): 2
LogDevObjectVersion:   Dev-Editor (E4B068ED-F494-42E9-A231-DA0B2E46BB41): 20
LogDevObjectVersion:   Dev-Framework (CFFC743F-43B0-4480-9391-14DF171D2073): 28
LogDevObjectVersion:   Dev-Mobile (B02B49B5-BB20-44E9-A304-32B752E40360): 0
LogDevObjectVersion:   Dev-Networking (A4E4105C-59A1-49B5-A7C5-40C4547EDFEE): 0
LogDevObjectVersion:   Dev-Online (39C831C9-5AE6-47DC-9A44-9C173E1C8E7C): 0
LogDevObjectVersion:   Dev-Physics (78F01B33-EBEA-4F98-B9B4-84EACCB95AA2): 0
LogDevObjectVersion:   Dev-Platform (6631380F-2D4D-43E0-8009-CF276956A95A): 0
LogDevObjectVersion:   Dev-Rendering (12F88B9F-8875-4AFC-A67C-D90C383ABD29): 19
LogDevObjectVersion:   Dev-Sequencer (7B5AE74C-D270-4C10-A958-57980B212A5A): 4
LogDevObjectVersion:   Dev-VR (D7296918-1DD6-4BDD-9DE2-64A83CC13884): 0
LogDevObjectVersion:   Dev-LoadTimes (C2A15278-BFE7-4AFE-6C17-90FF531DF755): 1
LogDevObjectVersion:   Private-Geometry (6EACA3D4-40EC-4CC1-B786-8BED09428FC5): 1
LogDevObjectVersion:   Dev-AnimPhys (29E575DD-E0A3-4627-9D10-D276232CDCEA): 7
LogInit: Compiled (64-bit): Sep 22 2017 13:47:16
LogInit: Compiled with Visual C++: 19.00.24215.01
LogInit: Build Configuration: Development
LogInit: Branch Name: ++UE4+Release-4.17
LogInit: Command line: -EpicPortal 
LogInit: Base directory: C:/Program Files/Epic Games/UE_4.17/Engine/Binaries/Win64/
LogInit: Installed Engine Build: 1
LogInit: Presizing for max 8388607 objects, including 0 objects not considered by GC, pre-allocating 0 bytes for permanent pool.
LogInit: Object subsystem initialized
[2017.09.28-12.46.40:309][  0]LogInit: Selected Device Profile: [Windows]
[2017.09.28-12.46.40:309][  0]LogInit: Applying CVar settings loaded from the selected device profile: [Windows]
[2017.09.28-12.46.40:396][  0]LogInit: Computer: ANDRE-PC
[2017.09.28-12.46.40:396][  0]LogInit: User: Andre
[2017.09.28-12.46.40:396][  0]LogInit: CPU Page size=4096, Cores=4
[2017.09.28-12.46.40:396][  0]LogInit: High frequency timer resolution =2.435775 MHz
[2017.09.28-12.46.40:396][  0]LogMemory: Memory total: Physical=7.9GB (8GB approx)
[2017.09.28-12.46.40:396][  0]LogMemory: Platform Memory Stats for Windows
[2017.09.28-12.46.40:396][  0]LogMemory: Process Physical Memory: 279.20 MB used, 279.20 MB peak
[2017.09.28-12.46.40:396][  0]LogMemory: Process Virtual Memory: 282.34 MB used, 282.34 MB peak
[2017.09.28-12.46.40:396][  0]LogMemory: Physical Memory: 6600.75 MB used,  1503.52 MB free, 8104.27 MB total
[2017.09.28-12.46.40:396][  0]LogMemory: Virtual Memory: 677.07 MB used,  1503.52 MB free, 134217728.00 MB total
[2017.09.28-12.46.40:728][  0]LogInit: Using OS detected language (en-US).
[2017.09.28-12.46.40:728][  0]LogInit: Using OS detected locale (en-GB).
[2017.09.28-12.46.41:111][  0]LogTextLocalizationManager: No specific localization for 'en-US' exists, so the 'en' localization will be used.
[2017.09.28-12.46.53:133][  0]LogD3D11RHI: D3D11 adapters:
[2017.09.28-12.46.53:231][  0]LogD3D11RHI:    0. 'NVIDIA GeForce GTX 860M' (Feature Level 11_0)
[2017.09.28-12.46.53:231][  0]LogD3D11RHI:       4065/0/4052 MB DedicatedVideo/DedicatedSystem/SharedSystem, Outputs:1, VendorId:0x10de
[2017.09.28-12.46.53:237][  0]LogD3D11RHI:    1. 'Intel(R) HD Graphics 4600' (Feature Level 11_0)
[2017.09.28-12.46.53:237][  0]LogD3D11RHI:       112/0/2048 MB DedicatedVideo/DedicatedSystem/SharedSystem, Outputs:0, VendorId:0x8086
[2017.09.28-12.46.53:238][  0]LogD3D11RHI:    2. 'Microsoft Basic Render Driver' (Feature Level 11_0)
[2017.09.28-12.46.53:239][  0]LogD3D11RHI:       0/0/4052 MB DedicatedVideo/DedicatedSystem/SharedSystem, Outputs:0, VendorId:0x1414
[2017.09.28-12.46.53:239][  0]LogD3D11RHI: Chosen D3D11 Adapter: 0
[2017.09.28-12.46.53:246][  0]LogD3D11RHI: Creating new Direct3DDevice
[2017.09.28-12.46.53:247][  0]LogD3D11RHI:     GPU DeviceId: 0x1392 (for the marketing name, search the web for "GPU Device Id")
[2017.09.28-12.46.53:247][  0]LogWindows: EnumDisplayDevices:
[2017.09.28-12.46.53:247][  0]LogWindows:    0. 'Intel(R) HD Graphics 4600' (P:1 D:1)
[2017.09.28-12.46.53:247][  0]LogWindows:    1. 'Intel(R) HD Graphics 4600' (P:0 D:0)
[2017.09.28-12.46.53:247][  0]LogWindows:    2. 'Intel(R) HD Graphics 4600' (P:0 D:0)
[2017.09.28-12.46.53:247][  0]LogWindows: DebugString: PrimaryIsNotTheChoosenAdapter PrimaryIsNotTheChoosenAdapter PrimaryIsNotTheChoosenAdapter FoundDriverCount:0 
[2017.09.28-12.46.53:247][  0]LogD3D11RHI:     Adapter Name: NVIDIA GeForce GTX 860M
[2017.09.28-12.46.53:247][  0]LogD3D11RHI:   Driver Version: Unknown (internal:Unknown, unified:Unknown)
[2017.09.28-12.46.53:247][  0]LogD3D11RHI:      Driver Date: Unknown
[2017.09.28-12.46.53:247][  0]LogRHI: Texture pool is 1361 MB (70% of 1945 MB)
[2017.09.28-12.46.53:279][  0]LogD3D11RHI: Async texture creation enabled
[2017.09.28-12.46.53:291][  0]LogD3D11RHI: GPU Timing Frequency: 1000.000000 (Debug: 2 1)
[2017.09.28-12.46.53:292][  0]LogShaderCompilers: Guid format shader working directory is -51 characters bigger than the processId version (../../../../../../Users/Andre/Documents/Unreal Projects/TutorialGameDev/Tutorial2_AndreGema 4.17/Intermediate/Shaders/WorkingDirectory/11228/).
[2017.09.28-12.46.53:293][  0]LogShaderCompilers: Cleaned the shader compiler working directory 'C:/Users/Andre/AppData/Local/Temp/UnrealShaderWorkingDir/B5A6572A4C43A210F1DF979E1DDE2543/'.
[2017.09.28-12.46.53:293][  0]LogShaderCompilers: Display: Using Local Shader Compiler.
[2017.09.28-12.46.58:765][  0]LogTemp: Display: Loaded TP AllDesktopTargetPlatform
[2017.09.28-12.46.58:843][  0]LogTemp: Display: Loaded TP MacClientTargetPlatform
[2017.09.28-12.46.58:931][  0]LogTemp: Display: Loaded TP MacNoEditorTargetPlatform
[2017.09.28-12.46.59:014][  0]LogTemp: Display: Loaded TP MacServerTargetPlatform
[2017.09.28-12.46.59:099][  0]LogTemp: Display: Loaded TP MacTargetPlatform
[2017.09.28-12.46.59:182][  0]LogTemp: Display: Loaded TP WindowsClientTargetPlatform
[2017.09.28-12.46.59:286][  0]LogTemp: Display: Loaded TP WindowsNoEditorTargetPlatform
[2017.09.28-12.46.59:396][  0]LogTemp: Display: Loaded TP WindowsServerTargetPlatform
[2017.09.28-12.46.59:476][  0]LogTemp: Display: Loaded TP WindowsTargetPlatform
[2017.09.28-12.46.59:663][  0]LogTemp: Display: Loaded TP AndroidTargetPlatform
[2017.09.28-12.46.59:963][  0]LogTemp: Display: Loaded TP Android_ASTCTargetPlatform
[2017.09.28-12.47.00:072][  0]LogTemp: Display: Loaded TP Android_ATCTargetPlatform
[2017.09.28-12.47.00:150][  0]LogTemp: Display: Loaded TP Android_DXTTargetPlatform
[2017.09.28-12.47.00:231][  0]LogTemp: Display: Loaded TP Android_ETC1TargetPlatform
[2017.09.28-12.47.00:310][  0]LogTemp: Display: Loaded TP Android_ETC2TargetPlatform
[2017.09.28-12.47.00:458][  0]LogTemp: Display: Loaded TP Android_MultiTargetPlatform
[2017.09.28-12.47.00:458][  0]LogTemp: Display: Loaded TP Android_PVRTCTargetPlatform
[2017.09.28-12.47.00:520][  0]LogTemp: Display: Loaded TP HTML5TargetPlatform
[2017.09.28-12.47.00:684][  0]LogTemp: Display: Loaded TP IOSTargetPlatform
[2017.09.28-12.47.00:732][  0]LogTemp: Display: Loaded TP TVOSTargetPlatform
[2017.09.28-12.47.00:814][  0]LogTemp: Display: Loaded TP LinuxClientTargetPlatform
[2017.09.28-12.47.00:896][  0]LogTemp: Display: Loaded TP LinuxNoEditorTargetPlatform
[2017.09.28-12.47.00:978][  0]LogTemp: Display: Loaded TP LinuxServerTargetPlatform
[2017.09.28-12.47.01:116][  0]LogTemp: Display: Loaded TP LinuxTargetPlatform
[2017.09.28-12.47.01:117][  0]LogTargetPlatformManager: Display: Building Assets For Windows
[2017.09.28-12.47.02:311][  0]LogDerivedDataCache: Display: Max Cache Size: 512 MB
[2017.09.28-12.47.03:877][  0]LogDerivedDataCache: Loaded boot cache 1.56s 93MB C:/Users/Andre/AppData/Local/UnrealEngine/4.17/DerivedDataCache/Boot.ddc.
[2017.09.28-12.47.03:877][  0]LogDerivedDataCache: Display: Loaded Boot cache: C:/Users/Andre/AppData/Local/UnrealEngine/4.17/DerivedDataCache/Boot.ddc
[2017.09.28-12.47.03:877][  0]LogDerivedDataCache: FDerivedDataBackendGraph:  Pak pak cache file ../../../../../../Users/Andre/Documents/Unreal Projects/TutorialGameDev/Tutorial2_AndreGema 4.17/DerivedDataCache/DDC.ddp not found, will not use a pak cache.
[2017.09.28-12.47.03:877][  0]LogDerivedDataCache: Unable to find inner node Pak for hierarchical cache Hierarchy.
[2017.09.28-12.47.03:877][  0]LogDerivedDataCache: FDerivedDataBackendGraph:  CompressedPak pak cache file ../../../../../../Users/Andre/Documents/Unreal Projects/TutorialGameDev/Tutorial2_AndreGema 4.17/DerivedDataCache/Compressed.ddp not found, will not use a pak cache.
[2017.09.28-12.47.03:877][  0]LogDerivedDataCache: Unable to find inner node CompressedPak for hierarchical cache Hierarchy.
[2017.09.28-12.47.03:899][  0]LogDerivedDataCache: Display: Pak cache opened for reading ../../../Engine/DerivedDataCache/Compressed.ddp.
[2017.09.28-12.47.03:912][  0]LogDerivedDataCache: Using Local data cache path C:/Users/Andre/AppData/Local/UnrealEngine/Common/DerivedDataCache: Writable
[2017.09.28-12.47.03:926][  0]LogMaterial: Verifying Global Shaders for PCD3D_SM5
[2017.09.28-12.47.03:926][  0]LogSlate: Using Freetype 2.6.0
[2017.09.28-12.47.03:932][  0]LogSlate: SlateFontCache - WITH_FREETYPE: 1, WITH_HARFBUZZ: 1
[2017.09.28-12.47.03:932][  0]LogSlate: SlateFontCache - WITH_FREETYPE: 1, WITH_HARFBUZZ: 1
[2017.09.28-12.47.06:551][  0]LogAssetRegistry: FAssetRegistry took 0.0278 seconds to start up
[2017.09.28-12.47.07:238][  0]LogInit: Selected Device Profile: [Windows]
[2017.09.28-12.47.09:043][  0]LogSimplygon: Simplygon DLL not present - disabling.
[2017.09.28-12.47.09:160][  0]LogMeshReduction: Using SimplygonSwarm for distributed automatic mesh merging
[2017.09.28-12.47.09:160][  0]LogMeshReduction: Using QuadricMeshReduction for automatic static mesh reduction
[2017.09.28-12.47.09:160][  0]LogMeshReduction: No automatic skeletal mesh reduction module available
[2017.09.28-12.47.09:160][  0]LogMeshReduction: No automatic mesh merging module available
[2017.09.28-12.47.09:160][  0]LogMeshMerging: No automatic mesh merging module available
[2017.09.28-12.47.09:162][  0]LogContentStreaming: Texture pool size is 0.00 MB
[2017.09.28-12.47.11:338][  0]LogNetVersion: Tutorial2_AndreGema , NetCL: 3573198, EngineNetVer: 2, GameNetVer: 0 (Checksum: 4002641178)
[2017.09.28-12.47.12:564][  0]LogPackageLocalizationCache: Processed 5 localized package path(s) for 2 prioritized culture(s) in 0.071486 seconds
[2017.09.28-12.47.12:572][  0]LogUObjectArray: 35825 objects as part of root set at end of initial load.
[2017.09.28-12.47.12:572][  0]LogUObjectAllocator: 7529104 out of 0 bytes used by permanent object pool.
[2017.09.28-12.47.12:572][  0]LogUObjectArray: CloseDisregardForGC: 0/0 objects in disregard for GC pool
[2017.09.28-12.47.12:677][  0]LogInit: WinSock: version 1.1 (2.2), MaxSocks=32767, MaxUdp=65467
[2017.09.28-12.48.04:608][  0]LogTcpMessaging: Initializing TcpMessaging bridge
[2017.09.28-12.48.04:678][  0]LogUdpMessaging: Initializing bridge on interface 0.0.0.0:0 to multicast group 230.0.0.1:6666.
[2017.09.28-12.48.05:862][  0]LogMaterial: Uniform references updated for custom material expression Custom.
[2017.09.28-12.48.06:498][  0]SourceControl: Source control is disabled
[2017.09.28-12.48.06:498][  0]SourceControl: Source control is disabled
[2017.09.28-12.48.06:575][  0]SourceControl: Source control is disabled
[2017.09.28-12.48.06:650][  0]SourceControl: Source control is disabled
[2017.09.28-12.48.07:925][  0]LogAndroidPermission: UAndroidPermissionCallbackProxy::GetInstance
[2017.09.28-12.48.08:312][  0]LogOcInput: OculusInput pre-init called
[2017.09.28-12.48.08:783][  0]LogEngine: Initializing Engine...
[2017.09.28-12.48.08:859][  0]LogHMD: Failed to initialize OpenVR with code 108
[2017.09.28-12.48.09:253][  0]LogStats: UGameplayTagsManager::ConstructGameplayTagTree: Construct from data asset -  0.000 s
[2017.09.28-12.48.09:253][  0]LogStats: UGameplayTagsManager::ConstructGameplayTagTree: GameplayTagTreeChangedEvent.Broadcast -  0.000 s
[2017.09.28-12.48.09:492][  0]LogAIModule: Creating AISystem for world Untitled
[2017.09.28-12.48.09:501][  0]LogInit: XAudio2 using 'Speakers (Realtek High Definition Audio)' : 2 channels at 48 kHz using 32 bits per sample (channel mask 0x3)
[2017.09.28-12.48.09:518][  0]LogInit: FAudioDevice initialized.
[2017.09.28-12.48.09:873][  0]LogDerivedDataCache: Saved boot cache 0.35s 93MB C:/Users/Andre/AppData/Local/UnrealEngine/4.17/DerivedDataCache/Boot.ddc.
[2017.09.28-12.48.09:947][  0]LogInit: Texture streaming: Enabled
[2017.09.28-12.48.10:129][  0]LogEngineSessionManager: EngineSessionManager initialized
[2017.09.28-12.48.11:165][  0]LogInit: Transaction tracking system initialized
[2017.09.28-12.48.11:649][  0]BlueprintLog: New page: Editor Load
[2017.09.28-12.48.13:136][  0]LocalizationService: Localization service is disabled
[2017.09.28-12.48.14:408][  0]LogConsoleResponse: Display: 
[2017.09.28-12.48.14:786][  0]LogFileCache: Scanning file cache for directory 'C:/Users/Andre/Documents/Unreal Projects/TutorialGameDev/Tutorial2_AndreGema 4.17/Content/' took 0.02s
[2017.09.28-12.48.14:786][  0]LogCook: Display: Max memory allowance for cook 16384mb min free memory 0mb
[2017.09.28-12.48.14:786][  0]LogCook: Display: Mobile HDR setting 1
[2017.09.28-12.48.14:786][  0]LogGameplayTags: Display: UGameplayTagsManager::DoneAddingNativeTags. DelegateIsBound: 0
[2017.09.28-12.48.17:041][  0]SourceControl: Source control is disabled
[2017.09.28-12.48.17:042][  0]LightingResults: New page: Lighting Build
[2017.09.28-12.48.17:102][  0]MapCheck: New page: Map Check
[2017.09.28-12.48.17:102][  0]LightingResults: New page: Lighting Build
[2017.09.28-12.48.18:261][  0]LogTexture: Display: Building textures: spritesheet-32x-trans (BGRA8, 1054X1054)
[2017.09.28-12.48.18:325][  0]LogAIModule: Creating AISystem for world 2DSideScrollerExampleMap
[2017.09.28-12.48.18:908][  0]LogEditorServer: Finished looking for orphan Actors (0.000 secs)
[2017.09.28-12.48.18:981][  0]Cmd: MAP CHECKDEP NOCLEARLOG
[2017.09.28-12.48.19:053][  0]MapCheck: Map check complete: 0 Error(s), 0 Warning(s), took 71.255ms to complete.
[2017.09.28-12.48.19:053][  0]LogFileHelpers: Loading map '2DSideScrollerExampleMap' took 2.012
[2017.09.28-12.48.21:305][  0]LogCollectionManager: Loaded 0 collections in 0.002988 seconds
[2017.09.28-12.48.21:948][  0]LogFileCache: Scanning file cache for directory 'C:/Users/Andre/Documents/Unreal Projects/TutorialGameDev/Tutorial2_AndreGema 4.17/Saved/Collections/' took 0.01s
[2017.09.28-12.48.21:948][  0]LogFileCache: Scanning file cache for directory 'C:/Users/Andre/Documents/Unreal Projects/TutorialGameDev/Tutorial2_AndreGema 4.17/Content/Developers/Andre/Collections/' took 0.01s
[2017.09.28-12.48.21:948][  0]LogFileCache: Scanning file cache for directory 'C:/Users/Andre/Documents/Unreal Projects/TutorialGameDev/Tutorial2_AndreGema 4.17/Content/Collections/' took 0.01s
[2017.09.28-12.48.21:948][  0]LogCollectionManager: Rebuilt the GUID cache for 0 collections in 0.000000 seconds
[2017.09.28-12.48.21:993][  0]LogContentBrowser: Native class hierarchy populated in 0.0242 seconds. Added 2386 classes and 500 folders.
[2017.09.28-12.48.22:319][  0]LogContentBrowser: Native class hierarchy updated for 'WidgetCarousel' in 0.0011 seconds. Added 0 classes and 0 folders.
[2017.09.28-12.48.24:041][  0]LogContentBrowser: Native class hierarchy updated for 'AddContentDialog' in 0.0008 seconds. Added 0 classes and 0 folders.
[2017.09.28-12.48.24:327][  0]LogContentBrowser: Native class hierarchy updated for 'SceneOutliner' in 0.0009 seconds. Added 1 classes and 2 folders.
[2017.09.28-12.48.26:445][  0]LogSlate: Took 0.153744 seconds to synchronously load lazily loaded font '../../../Engine/Content/Slate/Fonts/Roboto-Regular.ttf' (155K)
[2017.09.28-12.48.26:514][  0]LogSlate: Took 0.030247 seconds to synchronously load lazily loaded font '../../../Engine/Content/Slate/Fonts/Roboto-Bold.ttf' (160K)
[2017.09.28-12.48.26:685][  0]LogSlate: Took 0.024128 seconds to synchronously load lazily loaded font '../../../Engine/Content/Editor/Slate/Fonts/FontAwesome.ttf' (139K)
[2017.09.28-12.48.27:799][  0]LogRenderer: Reallocating scene render targets to support 964x436 Format 10 NumSamples 1 (Frame:1).
[2017.09.28-12.48.31:193][  0]LogContentBrowser: Native class hierarchy updated for 'HierarchicalLODOutliner' in 0.0008 seconds. Added 1 classes and 2 folders.
[2017.09.28-12.48.31:193][  0]LogLoad: (Engine Initialization) Total time: 115.55 seconds
[2017.09.28-12.48.31:193][  0]LogLoad: (Engine Initialization) Total Blueprint compile time: 0.00 seconds
[2017.09.28-12.48.31:194][  0]LogExternalProfiler: Found external profiler: VSPerf
[2017.09.28-12.48.31:194][  0]LogExternalProfiler: Using external profiler: VSPerf
[2017.09.28-12.48.31:722][  0]LogContentStreaming: Texture pool size now 1000 MB
[2017.09.28-12.48.31:896][  0]LogSlate: Took 0.035996 seconds to synchronously load lazily loaded font '../../../Engine/Content/Slate/Fonts/Roboto-Light.ttf' (159K)
[2017.09.28-12.48.32:646][  3]LogAssetRegistry: Asset discovery search completed in 86.1175 seconds
[2017.09.28-12.48.32:653][  3]LogCollectionManager: Rebuilt the object cache for 0 collections in 0.000001 seconds (found 0 objects)
[2017.09.28-12.48.32:653][  3]LogCollectionManager: Fixed up redirectors for 0 collections in 0.000081 seconds (updated 0 objects)
[2017.09.28-13.00.10:634][348]LogTemp: Repeating last play command: Selected Viewport
[2017.09.28-13.00.20:279][348]LogBlueprintUserMessages: Early PlayInEditor Detection: Level '/Game/2DSideScrollerBP/Maps/2DSideScrollerExampleMap.2DSideScrollerExampleMap:PersistentLevel' has LevelScriptBlueprint '/Game/2DSideScrollerBP/Maps/2DSideScrollerExampleMap.2DSideScrollerExampleMap:PersistentLevel.2DSideScrollerExampleMap' with GeneratedClass '/Game/2DSideScrollerBP/Maps/2DSideScrollerExampleMap.2DSideScrollerExampleMap_C' with ClassGeneratedBy '/Game/2DSideScrollerBP/Maps/2DSideScrollerExampleMap.2DSideScrollerExampleMap:PersistentLevel.2DSideScrollerExampleMap'
[2017.09.28-13.00.20:302][348]LogPlayLevel: PlayLevel: No blueprints needed recompiling
[2017.09.28-13.00.20:563][348]PIE: New page: PIE session: 2DSideScrollerExampleMap (29 Sep 2017 03:00:20)
[2017.09.28-13.00.20:581][348]LogPlayLevel: Creating play world package: /Game/2DSideScrollerBP/Maps/UEDPIE_0_2DSideScrollerExampleMap
[2017.09.28-13.00.20:697][348]LogPlayLevel: PIE: StaticDuplicateObject took: (0.115154s)
[2017.09.28-13.00.20:698][348]LogAIModule: Creating AISystem for world 2DSideScrollerExampleMap
[2017.09.28-13.00.20:725][348]LogPlayLevel: PIE: World Init took: (0.028022s)
[2017.09.28-13.00.20:773][348]LogPlayLevel: PIE: Created PIE world by copying editor world from /Game/2DSideScrollerBP/Maps/2DSideScrollerExampleMap.2DSideScrollerExampleMap to /Game/2DSideScrollerBP/Maps/UEDPIE_0_2DSideScrollerExampleMap.2DSideScrollerExampleMap (0.198378s)
[2017.09.28-13.00.20:810][348]LogInit: XAudio2 using 'Speakers (Realtek High Definition Audio)' : 2 channels at 48 kHz using 32 bits per sample (channel mask 0x3)
[2017.09.28-13.00.20:823][348]LogInit: FAudioDevice initialized.
[2017.09.28-13.00.21:073][348]LogLoad: Game class is '2DSideScrollerGameMode_C'
[2017.09.28-13.00.21:571][348]LogWorld: Bringing World /Game/2DSideScrollerBP/Maps/UEDPIE_0_2DSideScrollerExampleMap.2DSideScrollerExampleMap up for play (max tick rate 0) at 2017.09.28-20.00.21
[2017.09.28-13.00.21:746][348]LogWorld: Bringing up level for play took: 0.202328
[2017.09.28-13.00.22:432][348]LogContentBrowser: Native class hierarchy updated for 'MovieSceneCapture' in 0.0009 seconds. Added 11 classes and 0 folders.
[2017.09.28-13.00.22:535][348]PIE: Play in editor start time for /Game/2DSideScrollerBP/Maps/UEDPIE_0_2DSideScrollerExampleMap 2.125
[2017.09.28-13.00.22:536][348]LogBlueprintUserMessages: Late PlayInEditor Detection: Level '/Game/2DSideScrollerBP/Maps/2DSideScrollerExampleMap.2DSideScrollerExampleMap:PersistentLevel' has LevelScriptBlueprint '/Game/2DSideScrollerBP/Maps/2DSideScrollerExampleMap.2DSideScrollerExampleMap:PersistentLevel.2DSideScrollerExampleMap' with GeneratedClass '/Game/2DSideScrollerBP/Maps/2DSideScrollerExampleMap.2DSideScrollerExampleMap_C' with ClassGeneratedBy '/Game/2DSideScrollerBP/Maps/2DSideScrollerExampleMap.2DSideScrollerExampleMap:PersistentLevel.2DSideScrollerExampleMap'
[2017.09.28-13.01.01:856][771]LogBlueprintUserMessages: Early EndPlayMap Detection: Level '/Game/2DSideScrollerBP/Maps/2DSideScrollerExampleMap.2DSideScrollerExampleMap:PersistentLevel' has LevelScriptBlueprint '/Game/2DSideScrollerBP/Maps/2DSideScrollerExampleMap.2DSideScrollerExampleMap:PersistentLevel.2DSideScrollerExampleMap' with GeneratedClass '/Game/2DSideScrollerBP/Maps/2DSideScrollerExampleMap.2DSideScrollerExampleMap_C' with ClassGeneratedBy '/Game/2DSideScrollerBP/Maps/2DSideScrollerExampleMap.2DSideScrollerExampleMap:PersistentLevel.2DSideScrollerExampleMap'
[2017.09.28-13.01.02:150][771]LogBlueprintUserMessages: Late EndPlayMap Detection: Level '/Game/2DSideScrollerBP/Maps/2DSideScrollerExampleMap.2DSideScrollerExampleMap:PersistentLevel' has LevelScriptBlueprint '/Game/2DSideScrollerBP/Maps/2DSideScrollerExampleMap.2DSideScrollerExampleMap:PersistentLevel.2DSideScrollerExampleMap' with GeneratedClass '/Game/2DSideScrollerBP/Maps/2DSideScrollerExampleMap.2DSideScrollerExampleMap_C' with ClassGeneratedBy '/Game/2DSideScrollerBP/Maps/2DSideScrollerExampleMap.2DSideScrollerExampleMap:PersistentLevel.2DSideScrollerExampleMap'
[2017.09.28-13.01.04:921][997]Cmd: SELECT NONE
[2017.09.28-13.07.05:251][844]LogPaper2D: Triangulation of poly failed.
[2017.09.28-13.07.05:251][844]LogPaper2D: Triangulation of poly failed.
[2017.09.28-13.07.05:251][844]LogPaper2D: Triangulation of poly failed.
[2017.09.28-13.07.05:251][844]LogPaper2D: Triangulation of poly failed.
[2017.09.28-13.07.05:251][844]LogPaper2D: Triangulation of poly failed.
[2017.09.28-13.07.05:251][844]LogPaper2D: Triangulation of poly failed.
[2017.09.28-13.07.13:980][108]Cmd: DELETE
[2017.09.28-13.07.13:994][108]Cmd: ACTOR DELETE
[2017.09.28-13.07.14:018][108]LogEditorActor: Deleted Actor: PaperTileMapActor
[2017.09.28-13.07.14:087][108]LogEditorActor: Deleted 1 Actors (0.092 secs)
[2017.09.28-13.07.36:593][581]LogSlate: Took 0.025547 seconds to synchronously load lazily loaded font '../../../Engine/Content/Slate/Fonts/Roboto-Light.ttf' (159K)
[2017.09.28-13.07.45:518][608]LogSlate: Took 0.000241 seconds to synchronously load lazily loaded font '../../../Engine/Content/Slate/Fonts/Roboto-Light.ttf' (159K)
[2017.09.28-13.07.46:146][608]LogSavePackage: Save=276.75ms
[2017.09.28-13.07.46:147][608]LogSavePackage: Moving '../../../../../../Users/Andre/Documents/Unreal Projects/TutorialGameDev/Tutorial2_AndreGema 4.17/Saved/2DSideScrollerExampleMap_Auto1532A933A4D1290B38A8565872E18ECCD.tmp' to '../../../../../../Users/Andre/Documents/Unreal Projects/TutorialGameDev/Tutorial2_AndreGema 4.17/Saved/Autosaves/Game/2DSideScrollerBP/Maps/2DSideScrollerExampleMap_Auto1.umap'
[2017.09.28-13.07.46:169][608]LogSavePackage: Display: Finished SavePackage ../../../../../../Users/Andre/Documents/Unreal Projects/TutorialGameDev/Tutorial2_AndreGema 4.17/Saved/Autosaves/Game/2DSideScrollerBP/Maps/2DSideScrollerExampleMap_Auto1.umap
[2017.09.28-13.07.46:172][608]LogFileHelpers: Editor autosave (incl. sublevels) for '/Game/2DSideScrollerBP/Maps/2DSideScrollerExampleMap' took 0.473
[2017.09.28-13.07.46:172][608]LogFileHelpers: Editor autosave (incl. sublevels) for all levels took 0.473
[2017.09.28-13.16.51:162][452]Cmd: CLOSE_SLATE_MAINFRAME
[2017.09.28-13.16.56:525][453]Cmd: QUIT_EDITOR
[2017.09.28-13.16.57:274][453]LogWindowsTextInputMethodSystem: Display: IME system now deactivated.
[2017.09.28-13.16.57:482][453]LogExit: Preparing to exit.
[2017.09.28-13.16.59:953][453]LogDirectoryWatcher: A directory notification for 'C:/Users/Andre/Documents/Unreal Projects/TutorialGameDev/Tutorial2_AndreGema 4.17/Content/' was aborted.
[2017.09.28-13.17.00:218][453]LogExit: Editor shut down
[2017.09.28-13.17.00:227][453]LogExit: Transaction tracking system shut down
[2017.09.28-13.17.00:800][453]LogDirectoryWatcher: A directory notification for '../../../Engine/Content/' was aborted.
[2017.09.28-13.17.00:800][453]LogDirectoryWatcher: A directory notification for '../../../../../../Users/Andre/Documents/Unreal Projects/TutorialGameDev/Tutorial2_AndreGema 4.17/Content/' was aborted.
[2017.09.28-13.17.00:800][453]LogDirectoryWatcher: A directory notification for '../../../Engine/Plugins/2D/Paper2D/Content/' was aborted.
[2017.09.28-13.17.00:801][453]LogDirectoryWatcher: A directory notification for '../../../Engine/Plugins/Runtime/Oculus/OculusVR/Content/' was aborted.
[2017.09.28-13.17.00:801][453]LogDirectoryWatcher: A directory notification for '../../../Engine/Plugins/Runtime/Steam/SteamVR/Content/' was aborted.
[2017.09.28-13.17.05:756][453]LogExit: Object subsystem successfully closed.
[2017.09.28-13.17.07:406][453]LogD3D11RHI: Shutdown
[2017.09.28-13.17.07:473][453]LogD3D11RHI: CleanupD3DDevice
[2017.09.28-13.17.07:778][453]LogD3D11RHI: ~FD3D11DynamicRHI
[2017.09.28-13.17.11:552][453]LogModuleManager: Shutting down and abandoning module MovieSceneCapture (532)
[2017.09.28-13.17.11:552][453]LogModuleManager: Shutting down and abandoning module HierarchicalLODOutliner (530)
[2017.09.28-13.17.11:552][453]LogModuleManager: Shutting down and abandoning module SceneOutliner (528)
[2017.09.28-13.17.11:640][453]LogModuleManager: Shutting down and abandoning module AddContentDialog (526)
[2017.09.28-13.17.11:649][453]LogDirectoryWatcher: A directory notification for 'C:/Program Files/Epic Games/UE_4.17/FeaturePacks/' was aborted.
[2017.09.28-13.17.11:728][453]LogModuleManager: Shutting down and abandoning module WidgetCarousel (525)
[2017.09.28-13.17.11:728][453]LogModuleManager: Shutting down and abandoning module EditorWidgets (522)
[2017.09.28-13.17.11:728][453]LogModuleManager: Shutting down and abandoning module CollectionManager (520)
[2017.09.28-13.17.11:754][453]LogDirectoryWatcher: A directory notification for 'C:/Users/Andre/Documents/Unreal Projects/TutorialGameDev/Tutorial2_AndreGema 4.17/Content/Collections/' was aborted.
[2017.09.28-13.17.11:754][453]LogDirectoryWatcher: A directory notification for 'C:/Users/Andre/Documents/Unreal Projects/TutorialGameDev/Tutorial2_AndreGema 4.17/Content/Developers/Andre/Collections/' was aborted.
[2017.09.28-13.17.11:754][453]LogDirectoryWatcher: A directory notification for 'C:/Users/Andre/Documents/Unreal Projects/TutorialGameDev/Tutorial2_AndreGema 4.17/Saved/Collections/' was aborted.
[2017.09.28-13.17.11:754][453]LogModuleManager: Shutting down and abandoning module StatsViewer (518)
[2017.09.28-13.17.11:818][453]LogModuleManager: Shutting down and abandoning module FoliageEdit (516)
[2017.09.28-13.17.11:818][453]LogModuleManager: Shutting down and abandoning module LandscapeEditor (514)
[2017.09.28-13.17.11:915][453]LogModuleManager: Shutting down and abandoning module MeshPaintMode (512)
[2017.09.28-13.17.11:915][453]LogModuleManager: Shutting down and abandoning module SceneDepthPickerMode (510)
[2017.09.28-13.17.11:915][453]LogModuleManager: Shutting down and abandoning module ActorPickerMode (508)
[2017.09.28-13.17.11:915][453]LogModuleManager: Shutting down and abandoning module GeometryMode (506)
[2017.09.28-13.17.11:915][453]LogModuleManager: Shutting down and abandoning module TextureAlignMode (504)
[2017.09.28-13.17.11:915][453]LogModuleManager: Shutting down and abandoning module BspMode (502)
[2017.09.28-13.17.11:945][453]LogModuleManager: Shutting down and abandoning module PIEPreviewDeviceProfileSelector (500)
[2017.09.28-13.17.11:945][453]LogModuleManager: Shutting down and abandoning module HardwareSurvey (498)
[2017.09.28-13.17.11:945][453]LogModuleManager: Shutting down and abandoning module SequenceRecorderSections (496)
[2017.09.28-13.17.12:010][453]LogModuleManager: Shutting down and abandoning module AutomationWorker (494)
[2017.09.28-13.17.12:046][453]LogModuleManager: Shutting down and abandoning module MatineeToLevelSequence (492)
[2017.09.28-13.17.12:071][453]LogModuleManager: Shutting down and abandoning module LevelSequenceEditor (490)
[2017.09.28-13.17.12:217][453]LogModuleManager: Shutting down and abandoning module PlacementMode (489)
[2017.09.28-13.17.12:218][453]LogModuleManager: Shutting down and abandoning module WmfMediaFactory (486)
[2017.09.28-13.17.12:218][453]LogModuleManager: Shutting down and abandoning module WmfMediaEditor (484)
[2017.09.28-13.17.12:218][453]LogModuleManager: Shutting down and abandoning module AvfMediaFactory (482)
[2017.09.28-13.17.12:218][453]LogModuleManager: Shutting down and abandoning module AvfMediaEditor (480)
[2017.09.28-13.17.12:218][453]LogModuleManager: Shutting down and abandoning module AndroidMediaFactory (478)
[2017.09.28-13.17.12:218][453]LogModuleManager: Shutting down and abandoning module Media (477)
[2017.09.28-13.17.12:218][453]LogModuleManager: Shutting down and abandoning module AndroidMediaEditor (474)
[2017.09.28-13.17.12:218][453]LogModuleManager: Shutting down and abandoning module CharacterAI (472)
[2017.09.28-13.17.12:218][453]LogModuleManager: Shutting down and abandoning module AudioCapture (470)
[2017.09.28-13.17.12:218][453]LogModuleManager: Shutting down and abandoning module SequenceRecorder (469)
[2017.09.28-13.17.12:248][453]LogModuleManager: Shutting down and abandoning module SmartSnapping (466)
[2017.09.28-13.17.12:248][453]LogModuleManager: Shutting down and abandoning module SessionServices (464)
[2017.09.28-13.17.12:248][453]LogModuleManager: Shutting down and abandoning module ViewportSnapping (462)
[2017.09.28-13.17.12:248][453]LogModuleManager: Shutting down and abandoning module ViewportInteraction (460)
[2017.09.28-13.17.12:248][453]LogModuleManager: Shutting down and abandoning module ClothPainter (458)
[2017.09.28-13.17.12:400][453]LogModuleManager: Shutting down and abandoning module LogVisualizer (456)
[2017.09.28-13.17.12:466][453]LogModuleManager: Shutting down and abandoning module IntroTutorials (454)
[2017.09.28-13.17.12:538][453]LogModuleManager: Shutting down and abandoning module GameProjectGeneration (453)
[2017.09.28-13.17.12:688][453]LogModuleManager: Shutting down and abandoning module IOSPlatformEditor (450)
[2017.09.28-13.17.12:727][453]LogModuleManager: Shutting down and abandoning module HTML5PlatformEditor (448)
[2017.09.28-13.17.12:727][453]LogModuleManager: Shutting down and abandoning module AndroidPlatformEditor (446)
[2017.09.28-13.17.12:727][453]LogModuleManager: Shutting down and abandoning module AndroidDeviceDetection (445)
[2017.09.28-13.17.13:476][453]LogModuleManager: Shutting down and abandoning module WindowsPlatformEditor (442)
[2017.09.28-13.17.13:476][453]LogModuleManager: Shutting down and abandoning module IOSRuntimeSettings (440)
[2017.09.28-13.17.13:476][453]LogModuleManager: Shutting down and abandoning module AndroidRuntimeSettings (438)
[2017.09.28-13.17.13:476][453]LogModuleManager: Shutting down and abandoning module InputBindingEditor (436)
[2017.09.28-13.17.13:504][453]LogModuleManager: Shutting down and abandoning module MergeActors (434)
[2017.09.28-13.17.13:539][453]LogModuleManager: Shutting down and abandoning module SizeMap (432)
[2017.09.28-13.17.13:539][453]LogModuleManager: Shutting down and abandoning module TreeMap (430)
[2017.09.28-13.17.13:565][453]LogModuleManager: Shutting down and abandoning module ReferenceViewer (428)
[2017.09.28-13.17.13:565][453]LogModuleManager: Shutting down and abandoning module LocalizationDashboard (426)
[2017.09.28-13.17.13:584][453]LogModuleManager: Shutting down and abandoning module LocalizationService (425)
[2017.09.28-13.17.13:587][453]LogModuleManager: Shutting down and abandoning module HardwareTargeting (422)
[2017.09.28-13.17.13:587][453]LogModuleManager: Shutting down and abandoning module DeviceProfileEditor (420)
[2017.09.28-13.17.13:616][453]LogModuleManager: Shutting down and abandoning module UndoHistory (418)
[2017.09.28-13.17.13:616][453]LogModuleManager: Shutting down and abandoning module XmlParser (416)
[2017.09.28-13.17.13:628][453]LogModuleManager: Shutting down and abandoning module Blutility (414)
[2017.09.28-13.17.13:628][453]LogModuleManager: Shutting down and abandoning module ProjectSettingsViewer (412)
[2017.09.28-13.17.13:628][453]LogModuleManager: Shutting down and abandoning module ProjectTargetPlatformEditor (411)
[2017.09.28-13.17.13:628][453]LogModuleManager: Shutting down and abandoning module EditorSettingsViewer (408)
[2017.09.28-13.17.13:628][453]LogModuleManager: Shutting down and abandoning module SettingsEditor (406)
[2017.09.28-13.17.13:658][453]LogModuleManager: Shutting down and abandoning module ProjectLauncher (404)
[2017.09.28-13.17.13:678][453]LogModuleManager: Shutting down and abandoning module SessionFrontend (402)
[2017.09.28-13.17.13:706][453]LogModuleManager: Shutting down and abandoning module ProfilerClient (400)
[2017.09.28-13.17.13:734][453]LogModuleManager: Shutting down and abandoning module DeviceManager (398)
[2017.09.28-13.17.13:770][453]LogModuleManager: Shutting down and abandoning module TargetDeviceServices (397)
[2017.09.28-13.17.13:834][453]LogModuleManager: Shutting down and abandoning module AutomationController (394)
[2017.09.28-13.17.13:882][453]LogModuleManager: Shutting down and abandoning module AutomationWindow (392)
[2017.09.28-13.17.13:924][453]LogModuleManager: Shutting down and abandoning module Layers (390)
[2017.09.28-13.17.13:981][453]LogModuleManager: Shutting down and abandoning module ComponentVisualizers (388)
[2017.09.28-13.17.13:981][453]LogModuleManager: Shutting down and abandoning module DetailCustomizations (386)
[2017.09.28-13.17.13:997][453]LogModuleManager: Shutting down and abandoning module PackagesDialog (384)
[2017.09.28-13.17.13:998][453]LogModuleManager: Shutting down and abandoning module Persona (382)
[2017.09.28-13.17.14:058][453]LogModuleManager: Shutting down and abandoning module AdvancedPreviewScene (381)
[2017.09.28-13.17.14:059][453]LogModuleManager: Shutting down and abandoning module AnimGraph (379)
[2017.09.28-13.17.14:071][453]LogModuleManager: Shutting down and abandoning module Kismet (376)
[2017.09.28-13.17.14:098][453]LogModuleManager: Shutting down and abandoning module ClassViewer (374)
[2017.09.28-13.17.14:098][453]LogModuleManager: Shutting down and abandoning module Toolbox (372)
[2017.09.28-13.17.14:098][453]LogModuleManager: Shutting down and abandoning module ModuleUI (370)
[2017.09.28-13.17.14:118][453]LogModuleManager: Shutting down and abandoning module MovieSceneTools (368)
[2017.09.28-13.17.14:147][453]LogModuleManager: Shutting down and abandoning module OutputLog (366)
[2017.09.28-13.17.14:158][453]LogModuleManager: Shutting down and abandoning module GammaUI (364)
[2017.09.28-13.17.14:179][453]LogModuleManager: Shutting down and abandoning module Documentation (362)
[2017.09.28-13.17.14:179][453]LogModuleManager: Shutting down and abandoning module MovieSceneTracks (360)
[2017.09.28-13.17.14:179][453]LogModuleManager: Shutting down and abandoning module MovieScene (358)
[2017.09.28-13.17.14:198][453]LogModuleManager: Shutting down and abandoning module Niagara (356)
[2017.09.28-13.17.14:198][453]LogModuleManager: Shutting down and abandoning module NiagaraEditor (355)
[2017.09.28-13.17.14:297][453]LogModuleManager: Shutting down and abandoning module StreamingPauseRendering (352)
[2017.09.28-13.17.14:297][453]LogModuleManager: Shutting down and abandoning module LauncherPlatform (350)
[2017.09.28-13.17.14:297][453]LogModuleManager: Shutting down and abandoning module AnalyticsET (348)
[2017.09.28-13.17.14:297][453]LogModuleManager: Shutting down and abandoning module PortalServices (346)
[2017.09.28-13.17.14:297][453]LogModuleManager: Shutting down and abandoning module PortalRpc (344)
[2017.09.28-13.17.14:297][453]LogModuleManager: Shutting down and abandoning module MessagingRpc (342)
[2017.09.28-13.17.14:297][453]LogModuleManager: Shutting down and abandoning module AIModule (340)
[2017.09.28-13.17.14:297][453]LogModuleManager: Shutting down and abandoning module GameplayDebugger (339)
[2017.09.28-13.17.14:297][453]LogModuleManager: Shutting down and abandoning module AITestSuite (337)
[2017.09.28-13.17.14:326][453]LogModuleManager: Shutting down and abandoning module ProfilerService (334)
[2017.09.28-13.17.14:339][453]LogModuleManager: Shutting down and abandoning module TaskGraph (332)
[2017.09.28-13.17.14:423][453]LogModuleManager: Shutting down and abandoning module SteamVRController (330)
[2017.09.28-13.17.14:423][453]LogModuleManager: Shutting down and abandoning module ProceduralMeshComponentEditor (328)
[2017.09.28-13.17.14:423][453]LogModuleManager: Shutting down and abandoning module ProceduralMeshComponent (326)
[2017.09.28-13.17.14:423][453]LogModuleManager: Shutting down and abandoning module OculusInput (324)
[2017.09.28-13.17.14:455][453]LogModuleManager: Shutting down and abandoning module MobilePatchingUtils (322)
[2017.09.28-13.17.14:455][453]LogModuleManager: Shutting down and abandoning module CustomMeshComponent (320)
[2017.09.28-13.17.14:455][453]LogModuleManager: Shutting down and abandoning module CableComponent (318)
[2017.09.28-13.17.14:484][453]LogModuleManager: Shutting down and abandoning module ArchVisCharacter (316)
[2017.09.28-13.17.14:484][453]LogModuleManager: Shutting down and abandoning module AndroidPermission (314)
[2017.09.28-13.17.14:484][453]LogModuleManager: Shutting down and abandoning module MediaPlayerEditor (310)
[2017.09.28-13.17.14:702][453]LogModuleManager: Shutting down and abandoning module HTML5Networking (308)
[2017.09.28-13.17.14:702][453]LogModuleManager: Shutting down and abandoning module AlembicImporter (306)
[2017.09.28-13.17.14:770][453]LogModuleManager: Shutting down and abandoning module AlembicLibrary (305)
[2017.09.28-13.17.14:770][453]LogModuleManager: Shutting down and abandoning module GeometryCache (304)
[2017.09.28-13.17.14:770][453]LogModuleManager: Shutting down and abandoning module GeometryCacheEd (303)
[2017.09.28-13.17.14:770][453]LogModuleManager: Shutting down and abandoning module SpeedTreeImporter (298)
[2017.09.28-13.17.14:770][453]LogModuleManager: Shutting down and abandoning module PluginBrowser (296)
[2017.09.28-13.17.14:892][453]LogModuleManager: Shutting down and abandoning module MobileLauncherProfileWizard (294)
[2017.09.28-13.17.14:943][453]LogModuleManager: Shutting down and abandoning module VisualStudioSourceCodeAccess (292)
[2017.09.28-13.17.14:943][453]LogModuleManager: Shutting down and abandoning module DesktopPlatform (291)
[2017.09.28-13.17.14:979][453]LogModuleManager: Shutting down and abandoning module UObjectPlugin (288)
[2017.09.28-13.17.14:979][453]LogModuleManager: Shutting down and abandoning module SubversionSourceControl (286)
[2017.09.28-13.17.15:037][453]LogModuleManager: Shutting down and abandoning module PerforceSourceControl (284)
[2017.09.28-13.17.15:137][453]LogModuleManager: Shutting down and abandoning module GitSourceControl (282)
[2017.09.28-13.17.15:182][453]LogModuleManager: Shutting down and abandoning module SourceControl (281)
[2017.09.28-13.17.15:246][453]LogModuleManager: Shutting down and abandoning module LightPropagationVolumeEditor (278)
[2017.09.28-13.17.15:246][453]LogModuleManager: Shutting down and abandoning module PaperTiledImporter (276)
[2017.09.28-13.17.15:246][453]LogModuleManager: Shutting down and abandoning module PaperSpriteSheetImporter (274)
[2017.09.28-13.17.15:246][453]LogModuleManager: Shutting down and abandoning module Paper2DEditor (272)
[2017.09.28-13.17.15:309][453]LogModuleManager: Shutting down and abandoning module MeshPaint (271)
[2017.09.28-13.17.15:346][453]LogModuleManager: Shutting down and abandoning module LevelEditor (269)
[2017.09.28-13.17.15:374][453]LogModuleManager: Shutting down and abandoning module PixelInspectorModule (268)
[2017.09.28-13.17.15:457][453]LogModuleManager: Shutting down and abandoning module MainFrame (266)
[2017.09.28-13.17.15:457][453]LogModuleManager: Shutting down and abandoning module HotReload (265)
[2017.09.28-13.17.15:489][453]LogModuleManager: Shutting down and abandoning module RuntimePhysXCooking (260)
[2017.09.28-13.17.15:489][453]LogModuleManager: Shutting down and abandoning module PhysXVehiclesEditor (258)
[2017.09.28-13.17.15:489][453]LogModuleManager: Shutting down and abandoning module PhysXVehicles (256)
[2017.09.28-13.17.15:489][453]LogModuleManager: Shutting down and abandoning module OculusEditor (254)
[2017.09.28-13.17.15:489][453]LogModuleManager: Shutting down and abandoning module LocationServicesBPLibrary (252)
[2017.09.28-13.17.15:489][453]LogModuleManager: Shutting down and abandoning module ImmediatePhysicsEditor (250)
[2017.09.28-13.17.15:489][453]LogModuleManager: Shutting down and abandoning module ImmediatePhysics (248)
[2017.09.28-13.17.15:531][453]LogModuleManager: Shutting down and abandoning module UdpMessaging (246)
[2017.09.28-13.17.15:632][453]LogModuleManager: Shutting down and abandoning module TcpMessaging (244)
[2017.09.28-13.17.15:760][453]LogModuleManager: Shutting down and abandoning module GameplayTagsEditor (242)
[2017.09.28-13.17.15:904][453]LogModuleManager: Shutting down and abandoning module FacialAnimationEditor (240)
[2017.09.28-13.17.15:904][453]LogModuleManager: Shutting down and abandoning module FacialAnimation (238)
[2017.09.28-13.17.15:904][453]LogModuleManager: Shutting down and abandoning module AssetManagerEditor (236)
[2017.09.28-13.17.16:070][453]LogModuleManager: Shutting down and abandoning module GraphEditor (235)
[2017.09.28-13.17.16:332][453]LogModuleManager: Shutting down and abandoning module ContentBrowser (233)
[2017.09.28-13.17.16:334][453]LogModuleManager: Shutting down and abandoning module LightPropagationVolumeRuntime (230)
[2017.09.28-13.17.16:334][453]LogModuleManager: Shutting down and abandoning module Paper2D (228)
[2017.09.28-13.17.16:334][453]LogModuleManager: Shutting down and abandoning module WindowsMoviePlayer (226)
[2017.09.28-13.17.16:365][453]LogModuleManager: Shutting down and abandoning module WmfMedia (224)
[2017.09.28-13.17.16:404][453]LogModuleManager: Shutting down and abandoning module PacketHandler (222)
[2017.09.28-13.17.16:404][453]LogModuleManager: Shutting down and abandoning module ClothingSystemEditor (220)
[2017.09.28-13.17.16:404][453]LogModuleManager: Shutting down and abandoning module ClothingSystemRuntime (218)
[2017.09.28-13.17.16:526][453]LogModuleManager: Shutting down and abandoning module Overlay (216)
[2017.09.28-13.17.16:527][453]LogModuleManager: Shutting down and abandoning module OverlayEditor (215)
[2017.09.28-13.17.16:527][453]LogModuleManager: Shutting down and abandoning module MediaAssets (212)
[2017.09.28-13.17.16:527][453]LogModuleManager: Shutting down and abandoning module VREditor (210)
[2017.09.28-13.17.16:619][453]LogModuleManager: Shutting down and abandoning module StringTableEditor (208)
[2017.09.28-13.17.16:654][453]LogModuleManager: Shutting down and abandoning module GameplayTasksEditor (206)
[2017.09.28-13.17.16:654][453]LogModuleManager: Shutting down and abandoning module BehaviorTreeEditor (204)
[2017.09.28-13.17.16:949][453]LogModuleManager: Shutting down and abandoning module FunctionalTesting (202)
[2017.09.28-13.17.16:949][453]LogModuleManager: Shutting down and abandoning module CollisionAnalyzer (200)
[2017.09.28-13.17.17:035][453]LogModuleManager: Shutting down and abandoning module WorkspaceMenuStructure (199)
[2017.09.28-13.17.17:035][453]LogModuleManager: Shutting down and abandoning module UMG (196)
[2017.09.28-13.17.17:150][453]LogModuleManager: Shutting down and abandoning module UMGEditor (195)
[2017.09.28-13.17.17:349][453]LogModuleManager: Shutting down and abandoning module Sequencer (194)
[2017.09.28-13.17.17:460][453]LogModuleManager: Shutting down and abandoning module MessageLog (191)
[2017.09.28-13.17.17:460][453]LogModuleManager: Shutting down and abandoning module SlateReflector (186)
[2017.09.28-13.17.17:695][453]LogModuleManager: Shutting down and abandoning module Slate (184)
[2017.09.28-13.17.17:695][453]LogModuleManager: Shutting down and abandoning module EditorStyle (182)
[2017.09.28-13.17.17:698][453]LogModuleManager: Shutting down and abandoning module MRMesh (180)
[2017.09.28-13.17.17:698][453]LogModuleManager: Shutting down and abandoning module SourceCodeAccess (178)
[2017.09.28-13.17.17:698][453]LogModuleManager: Shutting down and abandoning module HeadMountedDisplay (176)
[2017.09.28-13.17.17:698][453]LogModuleManager: Shutting down and abandoning module XAudio2 (174)
[2017.09.28-13.17.17:698][453]LogModuleManager: Shutting down and abandoning module Networking (172)
[2017.09.28-13.17.17:698][453]LogModuleManager: Shutting down and abandoning module Core (168)
[2017.09.28-13.17.17:698][453]LogModuleManager: Shutting down and abandoning module KismetCompiler (164)
[2017.09.28-13.17.17:698][453]LogModuleManager: Shutting down and abandoning module LevelSequence (162)
[2017.09.28-13.17.17:698][453]LogModuleManager: Shutting down and abandoning module MeshUtilities (160)
[2017.09.28-13.17.17:882][453]LogModuleManager: Shutting down and abandoning module MeshMergeUtilities (159)
[2017.09.28-13.17.18:000][453]LogModuleManager: Shutting down and abandoning module MeshReductionInterface (158)
[2017.09.28-13.17.18:000][453]LogModuleManager: Shutting down and abandoning module SimplygonSwarm (157)
[2017.09.28-13.17.18:033][453]LogModuleManager: Shutting down and abandoning module SimplygonMeshReduction (155)
[2017.09.28-13.17.18:033][453]LogModuleManager: Shutting down and abandoning module QuadricMeshReduction (153)
[2017.09.28-13.17.18:119][453]LogModuleManager: Shutting down and abandoning module MaterialBaking (149)
[2017.09.28-13.17.18:156][453]LogModuleManager: Shutting down and abandoning module DirectoryWatcher (146)
[2017.09.28-13.17.18:160][453]LogModuleManager: Shutting down and abandoning module DerivedDataCache (144)
[2017.09.28-13.17.18:219][453]LogDerivedDataCache: Shutdown
[2017.09.28-13.17.18:219][453]LogModuleManager: Shutting down and abandoning module TargetPlatform (142)
[2017.09.28-13.17.18:219][453]LogModuleManager: Shutting down and abandoning module VulkanShaderFormat (141)
[2017.09.28-13.17.18:302][453]LogModuleManager: Shutting down and abandoning module ShaderFormatVectorVM (139)
[2017.09.28-13.17.18:336][453]LogModuleManager: Shutting down and abandoning module ShaderFormatOpenGL (137)
[2017.09.28-13.17.18:370][453]LogModuleManager: Shutting down and abandoning module ShaderFormatD3D (135)
[2017.09.28-13.17.18:391][453]LogModuleManager: Shutting down and abandoning module MetalShaderFormat (133)
[2017.09.28-13.17.18:452][453]LogModuleManager: Shutting down and abandoning module TextureFormatUncompressed (131)
[2017.09.28-13.17.18:452][453]LogModuleManager: Shutting down and abandoning module TextureFormatPVR (129)
[2017.09.28-13.17.18:452][453]LogModuleManager: Shutting down and abandoning module TextureFormatDXT (127)
[2017.09.28-13.17.18:481][453]LogModuleManager: Shutting down and abandoning module TextureFormatIntelISPCTexComp (125)
[2017.09.28-13.17.18:525][453]LogModuleManager: Shutting down and abandoning module TextureFormatASTC (123)
[2017.09.28-13.17.18:525][453]LogModuleManager: Shutting down and abandoning module ImageWrapper (122)
[2017.09.28-13.17.18:525][453]LogModuleManager: Shutting down and abandoning module TextureFormatAndroid (119)
[2017.09.28-13.17.18:525][453]LogModuleManager: Shutting down and abandoning module AudioFormatOpus (117)
[2017.09.28-13.17.18:525][453]LogModuleManager: Shutting down and abandoning module AudioFormatOgg (115)
[2017.09.28-13.17.18:525][453]LogModuleManager: Shutting down and abandoning module AudioFormatADPCM (113)
[2017.09.28-13.17.18:525][453]LogModuleManager: Shutting down and abandoning module LinuxTargetPlatform (111)
[2017.09.28-13.17.18:525][453]LogModuleManager: Shutting down and abandoning module LinuxServerTargetPlatform (109)
[2017.09.28-13.17.18:525][453]LogModuleManager: Shutting down and abandoning module LinuxNoEditorTargetPlatform (107)
[2017.09.28-13.17.18:525][453]LogModuleManager: Shutting down and abandoning module LinuxClientTargetPlatform (105)
[2017.09.28-13.17.18:525][453]LogModuleManager: Shutting down and abandoning module TVOSTargetPlatform (103)
[2017.09.28-13.17.18:525][453]LogModuleManager: Shutting down and abandoning module Messaging (101)
[2017.09.28-13.17.18:525][453]LogModuleManager: Shutting down and abandoning module IOSTargetPlatform (99)
[2017.09.28-13.17.18:525][453]LogModuleManager: Shutting down and abandoning module HTML5TargetPlatform (97)
[2017.09.28-13.17.18:525][453]LogModuleManager: Shutting down and abandoning module Android_PVRTCTargetPlatform (95)
[2017.09.28-13.17.18:525][453]LogModuleManager: Shutting down and abandoning module Android_MultiTargetPlatform (93)
[2017.09.28-13.17.18:525][453]LogModuleManager: Shutting down and abandoning module Android_ETC2TargetPlatform (91)
[2017.09.28-13.17.18:525][453]LogModuleManager: Shutting down and abandoning module Android_ETC1TargetPlatform (89)
[2017.09.28-13.17.18:525][453]LogModuleManager: Shutting down and abandoning module Android_DXTTargetPlatform (87)
[2017.09.28-13.17.18:525][453]LogModuleManager: Shutting down and abandoning module Android_ATCTargetPlatform (85)
[2017.09.28-13.17.18:525][453]LogModuleManager: Shutting down and abandoning module Android_ASTCTargetPlatform (83)
[2017.09.28-13.17.18:525][453]LogModuleManager: Shutting down and abandoning module AndroidTargetPlatform (81)
[2017.09.28-13.17.18:525][453]LogModuleManager: Shutting down and abandoning module WindowsTargetPlatform (79)
[2017.09.28-13.17.18:525][453]LogModuleManager: Shutting down and abandoning module WindowsServerTargetPlatform (77)
[2017.09.28-13.17.18:525][453]LogModuleManager: Shutting down and abandoning module WindowsNoEditorTargetPlatform (75)
[2017.09.28-13.17.18:525][453]LogModuleManager: Shutting down and abandoning module WindowsClientTargetPlatform (73)
[2017.09.28-13.17.18:525][453]LogModuleManager: Shutting down and abandoning module MacTargetPlatform (71)
[2017.09.28-13.17.18:525][453]LogModuleManager: Shutting down and abandoning module MacServerTargetPlatform (69)
[2017.09.28-13.17.18:525][453]LogModuleManager: Shutting down and abandoning module MacNoEditorTargetPlatform (67)
[2017.09.28-13.17.18:525][453]LogModuleManager: Shutting down and abandoning module MacClientTargetPlatform (65)
[2017.09.28-13.17.18:525][453]LogModuleManager: Shutting down and abandoning module AllDesktopTargetPlatform (63)
[2017.09.28-13.17.18:525][453]LogModuleManager: Shutting down and abandoning module InputCore (60)
[2017.09.28-13.17.18:525][453]LogModuleManager: Shutting down and abandoning module Settings (58)
[2017.09.28-13.17.18:525][453]LogModuleManager: Shutting down and abandoning module PhysXCooking (56)
[2017.09.28-13.17.18:525][453]LogModuleManager: Shutting down and abandoning module SteamVR (54)
[2017.09.28-13.17.18:525][453]LogModuleManager: Shutting down and abandoning module OculusHMD (52)
[2017.09.28-13.17.18:564][453]LogModuleManager: Shutting down and abandoning module ExampleDeviceProfileSelector (50)
[2017.09.28-13.17.18:564][453]LogModuleManager: Shutting down and abandoning module OnlineBlueprintSupport (48)
[2017.09.28-13.17.18:564][453]LogModuleManager: Shutting down and abandoning module OnlineSubsystem (44)
[2017.09.28-13.17.18:564][453]LogOnline: Display: Unloading online subsystem: NULL
[2017.09.28-13.17.18:717][453]LogModuleManager: Shutting down and abandoning module XMPP (43)
[2017.09.28-13.17.18:832][453]LogModuleManager: Shutting down and abandoning module HTTP (41)
[2017.09.28-13.17.18:833][453]LogHttp: Display: Http module shutting down, but needs to wait on 1 outstanding Http requests:
[2017.09.28-13.17.18:881][453]LogHttp: Display: 	verb=[POST] url=[https://datarouter.ol.epicgames.com/datarouter/api/v1/public/data?SessionID=%7B9E976262-4AC4-2E96-A370-1FB9C0AA4373%7D&AppID=UEEditor.Rocket.Release&AppVersion=4.17.2-3658906%2B%2B%2BUE4%2BRelease-4.17&UserID=d12efb1a4224679a32cf45b6337ea5b4%7Ce9c97ed67beb4f468376f35ca4f7d245%7C970f5431-de40-4393-8452-cad499b3ff65&AppEnvironment=datacollector-binary&UploadType=eteventstream] status=Processing
[2017.09.28-13.17.18:892][453]LogModuleManager: Shutting down and abandoning module SSL (40)
[2017.09.28-13.17.18:913][453]LogModuleManager: Shutting down and abandoning module AnimationModifiers (36)
[2017.09.28-13.17.19:008][453]LogModuleManager: Shutting down and abandoning module PropertyEditor (35)
[2017.09.28-13.17.19:008][453]LogModuleManager: Shutting down and abandoning module AudioEditor (32)
[2017.09.28-13.17.19:205][453]LogModuleManager: Shutting down and abandoning module TextureCompressor (30)
[2017.09.28-13.17.19:205][453]LogModuleManager: Shutting down and abandoning module ShaderCore (28)
[2017.09.28-13.17.19:205][453]LogModuleManager: Shutting down and abandoning module Landscape (26)
[2017.09.28-13.17.19:205][453]LogModuleManager: Shutting down and abandoning module SlateRHIRenderer (24)
[2017.09.28-13.17.19:293][453]LogModuleManager: Shutting down and abandoning module OpenGLDrv (22)
[2017.09.28-13.17.19:321][453]LogModuleManager: Shutting down and abandoning module D3D11RHI (20)
[2017.09.28-13.17.19:321][453]LogModuleManager: Shutting down and abandoning module AnimGraphRuntime (18)
[2017.09.28-13.17.19:349][453]LogModuleManager: Shutting down and abandoning module Renderer (16)
[2017.09.28-13.17.19:349][453]LogModuleManager: Shutting down and abandoning module Engine (14)
[2017.09.28-13.17.19:349][453]LogModuleManager: Shutting down and abandoning module CoreUObject (12)
[2017.09.28-13.17.19:349][453]LogModuleManager: Shutting down and abandoning module NetworkFile (10)
[2017.09.28-13.17.19:375][453]LogModuleManager: Shutting down and abandoning module CookedIterativeFile (8)
[2017.09.28-13.17.19:376][453]LogModuleManager: Shutting down and abandoning module StreamingFile (6)
[2017.09.28-13.17.19:400][453]LogModuleManager: Shutting down and abandoning module SandboxFile (4)
[2017.09.28-13.17.19:401][453]LogModuleManager: Shutting down and abandoning module PakFile (2)
[2017.09.28-13.17.19:480][453]LogExit: Exiting.
[2017.09.28-13.17.19:502][453]Log file closed, 09/28/17 20:17:19
