Log file open, 10/02/17 19:10:42
LogWindows: Failed to load 'aqProf.dll' (GetLastError=126)
LogWindows: File 'aqProf.dll' does not exist
LogWindows: Failed to load 'VtuneApi.dll' (GetLastError=126)
LogWindows: File 'VtuneApi.dll' does not exist
LogWindows: Failed to load 'VtuneApi32e.dll' (GetLastError=126)
LogWindows: File 'VtuneApi32e.dll' does not exist
LogInit: Display: Running engine for game: Tutorial2_AndreGema
LogPlatformFile: Not using cached read wrapper
LogInit: Display: RandInit(1756347525) SRandInit(1756347525).
LogTaskGraph: Started task graph with 5 named threads and 14 total threads with 3 sets of task threads.
LogStats: Stats thread started at 7.333195
LogD3D11RHI: Aftermath initialized
LogPluginManager: Mounting plugin Paper2D
LogPluginManager: Mounting plugin LightPropagationVolume
LogPluginManager: Mounting plugin CodeLiteSourceCodeAccess
LogPluginManager: Mounting plugin GitSourceControl
LogPluginManager: Mounting plugin KDevelopSourceCodeAccess
LogPluginManager: Mounting plugin NullSourceCodeAccess
LogPluginManager: Mounting plugin PerforceSourceControl
LogPluginManager: Mounting plugin SubversionSourceControl
LogPluginManager: Mounting plugin UObjectPlugin
LogPluginManager: Mounting plugin VisualStudioSourceCodeAccess
LogPluginManager: Mounting plugin XCodeSourceCodeAccess
LogPluginManager: Mounting plugin AssetManagerEditor
LogPluginManager: Mounting plugin AudioCapture
LogPluginManager: Mounting plugin FacialAnimation
LogPluginManager: Mounting plugin GameplayTagsEditor
LogPluginManager: Mounting plugin MobileLauncherProfileWizard
LogPluginManager: Mounting plugin PluginBrowser
LogPluginManager: Mounting plugin SpeedTreeImporter
LogPluginManager: Mounting plugin AlembicImporter
LogPluginManager: Mounting plugin CharacterAI
LogPluginManager: Mounting plugin HTML5Networking
LogPluginManager: Mounting plugin AndroidMedia
LogPluginManager: Mounting plugin AvfMedia
LogPluginManager: Mounting plugin MediaPlayerEditor
LogPluginManager: Mounting plugin WmfMedia
LogPluginManager: Mounting plugin TcpMessaging
LogPluginManager: Mounting plugin UdpMessaging
LogPluginManager: Mounting plugin LevelSequenceEditor
LogPluginManager: Mounting plugin MatineeToLevelSequence
LogPluginManager: Mounting plugin OnlineSubsystemGooglePlay
LogPluginManager: Mounting plugin OnlineSubsystemIOS
LogPluginManager: Mounting plugin OnlineSubsystem
LogPluginManager: Mounting plugin OnlineSubsystemNull
LogPluginManager: Mounting plugin OnlineSubsystemUtils
LogPluginManager: Mounting plugin AndroidDeviceProfileSelector
LogPluginManager: Mounting plugin AndroidMoviePlayer
LogPluginManager: Mounting plugin AndroidPermission
LogPluginManager: Mounting plugin AppleMoviePlayer
LogPluginManager: Mounting plugin ArchVisCharacter
LogPluginManager: Mounting plugin CableComponent
LogPluginManager: Mounting plugin CustomMeshComponent
LogPluginManager: Mounting plugin ExampleDeviceProfileSelector
LogPluginManager: Mounting plugin GoogleCloudMessaging
LogPluginManager: Mounting plugin ImmediatePhysics
LogPluginManager: Mounting plugin IOSDeviceProfileSelector
LogPluginManager: Mounting plugin LinuxDeviceProfileSelector
LogPluginManager: Mounting plugin LocationServicesBPLibrary
LogPluginManager: Mounting plugin MobilePatchingUtils
LogPluginManager: Mounting plugin OculusVR
LogPluginManager: Mounting plugin PhysXVehicles
LogPluginManager: Mounting plugin ProceduralMeshComponent
LogPluginManager: Mounting plugin RuntimePhysXCooking
LogPluginManager: Mounting plugin SteamVR
LogPluginManager: Mounting plugin WindowsMoviePlayer
LogInit: Using libcurl 7.47.1
LogInit:  - built for x86_64-pc-win32
LogInit:  - supports SSL with OpenSSL/1.0.2g
LogInit:  - supports HTTP deflate (compression) using libz 1.2.8
LogInit:  - other features:
LogInit:      CURL_VERSION_SSL
LogInit:      CURL_VERSION_LIBZ
LogInit:      CURL_VERSION_IPV6
LogInit:      CURL_VERSION_ASYNCHDNS
LogInit:      CURL_VERSION_LARGEFILE
LogInit:      CURL_VERSION_IDN
LogInit:  CurlRequestOptions (configurable via config and command line):
LogInit:  - bVerifyPeer = false  - Libcurl will NOT verify peer certificate
LogInit:  - bUseHttpProxy = false  - Libcurl will NOT use HTTP proxy
LogInit:  - bDontReuseConnections = false  - Libcurl will reuse connections
LogInit:  - CertBundlePath = nullptr  - Libcurl will use whatever was configured at build time.
LogInit: Build: ++UE4+Release-4.17-CL-3658906
LogInit: Engine Version: 4.17.2-3658906+++UE4+Release-4.17
LogInit: Compatible Engine Version: 4.17.0-3573198+++UE4+Release-4.17
LogInit: Net CL: 3573198
LogDevObjectVersion: Number of dev versions registered: 16
LogDevObjectVersion:   Dev-Blueprints (B0D832E4-1F89-4F0D-ACCF-7EB736FD4AA2): 10
LogDevObjectVersion:   Dev-Build (E1C64328-A22C-4D53-A36C-8E866417BD8C): 0
LogDevObjectVersion:   Dev-Core (375EC13C-06E4-48FB-B500-84F0262A717E): 2
LogDevObjectVersion:   Dev-Editor (E4B068ED-F494-42E9-A231-DA0B2E46BB41): 20
LogDevObjectVersion:   Dev-Framework (CFFC743F-43B0-4480-9391-14DF171D2073): 28
LogDevObjectVersion:   Dev-Mobile (B02B49B5-BB20-44E9-A304-32B752E40360): 0
LogDevObjectVersion:   Dev-Networking (A4E4105C-59A1-49B5-A7C5-40C4547EDFEE): 0
LogDevObjectVersion:   Dev-Online (39C831C9-5AE6-47DC-9A44-9C173E1C8E7C): 0
LogDevObjectVersion:   Dev-Physics (78F01B33-EBEA-4F98-B9B4-84EACCB95AA2): 0
LogDevObjectVersion:   Dev-Platform (6631380F-2D4D-43E0-8009-CF276956A95A): 0
LogDevObjectVersion:   Dev-Rendering (12F88B9F-8875-4AFC-A67C-D90C383ABD29): 19
LogDevObjectVersion:   Dev-Sequencer (7B5AE74C-D270-4C10-A958-57980B212A5A): 4
LogDevObjectVersion:   Dev-VR (D7296918-1DD6-4BDD-9DE2-64A83CC13884): 0
LogDevObjectVersion:   Dev-LoadTimes (C2A15278-BFE7-4AFE-6C17-90FF531DF755): 1
LogDevObjectVersion:   Private-Geometry (6EACA3D4-40EC-4CC1-B786-8BED09428FC5): 1
LogDevObjectVersion:   Dev-AnimPhys (29E575DD-E0A3-4627-9D10-D276232CDCEA): 7
LogInit: Compiled (64-bit): Sep 22 2017 13:47:16
LogInit: Compiled with Visual C++: 19.00.24215.01
LogInit: Build Configuration: Development
LogInit: Branch Name: ++UE4+Release-4.17
LogInit: Command line:  
LogInit: Base directory: C:/Program Files/Epic Games/UE_4.17/Engine/Binaries/Win64/
LogInit: Installed Engine Build: 1
LogInit: Presizing for max 8388607 objects, including 0 objects not considered by GC, pre-allocating 0 bytes for permanent pool.
LogInit: Object subsystem initialized
[2017.10.02-12.10.45:542][  0]LogInit: Selected Device Profile: [Windows]
[2017.10.02-12.10.45:558][  0]LogInit: Applying CVar settings loaded from the selected device profile: [Windows]
[2017.10.02-12.10.45:814][  0]LogInit: Computer: ANDRE-PC
[2017.10.02-12.10.45:814][  0]LogInit: User: Andre
[2017.10.02-12.10.45:814][  0]LogInit: CPU Page size=4096, Cores=4
[2017.10.02-12.10.45:814][  0]LogInit: High frequency timer resolution =2.435775 MHz
[2017.10.02-12.10.45:814][  0]LogMemory: Memory total: Physical=7.9GB (8GB approx)
[2017.10.02-12.10.45:814][  0]LogMemory: Platform Memory Stats for Windows
[2017.10.02-12.10.45:814][  0]LogMemory: Process Physical Memory: 279.17 MB used, 279.17 MB peak
[2017.10.02-12.10.45:814][  0]LogMemory: Process Virtual Memory: 274.20 MB used, 274.20 MB peak
[2017.10.02-12.10.45:814][  0]LogMemory: Physical Memory: 3207.77 MB used,  4896.50 MB free, 8104.27 MB total
[2017.10.02-12.10.45:814][  0]LogMemory: Virtual Memory: 669.07 MB used,  4896.50 MB free, 134217728.00 MB total
[2017.10.02-12.10.48:574][  0]LogInit: Using OS detected language (en-US).
[2017.10.02-12.10.48:574][  0]LogInit: Using OS detected locale (en-GB).
[2017.10.02-12.10.49:168][  0]LogTextLocalizationManager: No specific localization for 'en-US' exists, so the 'en' localization will be used.
[2017.10.02-12.11.03:346][  0]LogD3D11RHI: D3D11 adapters:
[2017.10.02-12.11.04:121][  0]LogD3D11RHI:    0. 'NVIDIA GeForce GTX 860M' (Feature Level 11_0)
[2017.10.02-12.11.04:121][  0]LogD3D11RHI:       4065/0/4052 MB DedicatedVideo/DedicatedSystem/SharedSystem, Outputs:1, VendorId:0x10de
[2017.10.02-12.11.04:200][  0]LogD3D11RHI:    1. 'Intel(R) HD Graphics 4600' (Feature Level 11_0)
[2017.10.02-12.11.04:200][  0]LogD3D11RHI:       112/0/2048 MB DedicatedVideo/DedicatedSystem/SharedSystem, Outputs:0, VendorId:0x8086
[2017.10.02-12.11.04:201][  0]LogD3D11RHI:    2. 'Microsoft Basic Render Driver' (Feature Level 11_0)
[2017.10.02-12.11.04:201][  0]LogD3D11RHI:       0/0/4052 MB DedicatedVideo/DedicatedSystem/SharedSystem, Outputs:0, VendorId:0x1414
[2017.10.02-12.11.04:201][  0]LogD3D11RHI: Chosen D3D11 Adapter: 0
[2017.10.02-12.11.04:257][  0]LogD3D11RHI: Creating new Direct3DDevice
[2017.10.02-12.11.04:257][  0]LogD3D11RHI:     GPU DeviceId: 0x1392 (for the marketing name, search the web for "GPU Device Id")
[2017.10.02-12.11.04:257][  0]LogWindows: EnumDisplayDevices:
[2017.10.02-12.11.04:257][  0]LogWindows:    0. 'Intel(R) HD Graphics 4600' (P:1 D:1)
[2017.10.02-12.11.04:258][  0]LogWindows:    1. 'Intel(R) HD Graphics 4600' (P:0 D:0)
[2017.10.02-12.11.04:258][  0]LogWindows:    2. 'Intel(R) HD Graphics 4600' (P:0 D:0)
[2017.10.02-12.11.04:258][  0]LogWindows: DebugString: PrimaryIsNotTheChoosenAdapter PrimaryIsNotTheChoosenAdapter PrimaryIsNotTheChoosenAdapter FoundDriverCount:0 
[2017.10.02-12.11.04:258][  0]LogD3D11RHI:     Adapter Name: NVIDIA GeForce GTX 860M
[2017.10.02-12.11.04:258][  0]LogD3D11RHI:   Driver Version: Unknown (internal:Unknown, unified:Unknown)
[2017.10.02-12.11.04:258][  0]LogD3D11RHI:      Driver Date: Unknown
[2017.10.02-12.11.04:258][  0]LogRHI: Texture pool is 1361 MB (70% of 1945 MB)
[2017.10.02-12.11.04:360][  0]LogD3D11RHI: Async texture creation enabled
[2017.10.02-12.11.04:740][  0]LogD3D11RHI: GPU Timing Frequency: 1000.000000 (Debug: 2 1)
[2017.10.02-12.11.04:940][  0]LogShaderCompilers: Guid format shader working directory is -52 characters bigger than the processId version (../../../../../../Users/Andre/Documents/Unreal Projects/TutorialGameDev2/Tutorial2_AndreGema 4.17/Intermediate/Shaders/WorkingDirectory/15768/).
[2017.10.02-12.11.04:940][  0]LogShaderCompilers: Cleaned the shader compiler working directory 'C:/Users/Andre/AppData/Local/Temp/UnrealShaderWorkingDir/53A017494285A37E570AE3B6F8F57FFF/'.
[2017.10.02-12.11.04:956][  0]LogShaderCompilers: Display: Using Local Shader Compiler.
[2017.10.02-12.11.12:248][  0]LogTemp: Display: Loaded TP AllDesktopTargetPlatform
[2017.10.02-12.11.12:314][  0]LogTemp: Display: Loaded TP MacClientTargetPlatform
[2017.10.02-12.11.12:364][  0]LogTemp: Display: Loaded TP MacNoEditorTargetPlatform
[2017.10.02-12.11.12:414][  0]LogTemp: Display: Loaded TP MacServerTargetPlatform
[2017.10.02-12.11.12:498][  0]LogTemp: Display: Loaded TP MacTargetPlatform
[2017.10.02-12.11.12:621][  0]LogTemp: Display: Loaded TP WindowsClientTargetPlatform
[2017.10.02-12.11.12:756][  0]LogTemp: Display: Loaded TP WindowsNoEditorTargetPlatform
[2017.10.02-12.11.12:807][  0]LogTemp: Display: Loaded TP WindowsServerTargetPlatform
[2017.10.02-12.11.12:850][  0]LogTemp: Display: Loaded TP WindowsTargetPlatform
[2017.10.02-12.11.12:998][  0]LogTemp: Display: Loaded TP AndroidTargetPlatform
[2017.10.02-12.11.13:091][  0]LogTemp: Display: Loaded TP Android_ASTCTargetPlatform
[2017.10.02-12.11.13:139][  0]LogTemp: Display: Loaded TP Android_ATCTargetPlatform
[2017.10.02-12.11.13:209][  0]LogTemp: Display: Loaded TP Android_DXTTargetPlatform
[2017.10.02-12.11.13:256][  0]LogTemp: Display: Loaded TP Android_ETC1TargetPlatform
[2017.10.02-12.11.13:304][  0]LogTemp: Display: Loaded TP Android_ETC2TargetPlatform
[2017.10.02-12.11.13:401][  0]LogTemp: Display: Loaded TP Android_MultiTargetPlatform
[2017.10.02-12.11.13:401][  0]LogTemp: Display: Loaded TP Android_PVRTCTargetPlatform
[2017.10.02-12.11.13:446][  0]LogTemp: Display: Loaded TP HTML5TargetPlatform
[2017.10.02-12.11.13:756][  0]LogTemp: Display: Loaded TP IOSTargetPlatform
[2017.10.02-12.11.13:816][  0]LogTemp: Display: Loaded TP TVOSTargetPlatform
[2017.10.02-12.11.13:898][  0]LogTemp: Display: Loaded TP LinuxClientTargetPlatform
[2017.10.02-12.11.13:945][  0]LogTemp: Display: Loaded TP LinuxNoEditorTargetPlatform
[2017.10.02-12.11.13:992][  0]LogTemp: Display: Loaded TP LinuxServerTargetPlatform
[2017.10.02-12.11.14:084][  0]LogTemp: Display: Loaded TP LinuxTargetPlatform
[2017.10.02-12.11.14:084][  0]LogTargetPlatformManager: Display: Building Assets For Windows
[2017.10.02-12.11.16:196][  0]LogDerivedDataCache: Display: Max Cache Size: 512 MB
[2017.10.02-12.11.17:334][  0]LogDerivedDataCache: Loaded boot cache 1.14s 93MB C:/Users/Andre/AppData/Local/UnrealEngine/4.17/DerivedDataCache/Boot.ddc.
[2017.10.02-12.11.17:334][  0]LogDerivedDataCache: Display: Loaded Boot cache: C:/Users/Andre/AppData/Local/UnrealEngine/4.17/DerivedDataCache/Boot.ddc
[2017.10.02-12.11.17:334][  0]LogDerivedDataCache: FDerivedDataBackendGraph:  Pak pak cache file ../../../../../../Users/Andre/Documents/Unreal Projects/TutorialGameDev2/Tutorial2_AndreGema 4.17/DerivedDataCache/DDC.ddp not found, will not use a pak cache.
[2017.10.02-12.11.17:334][  0]LogDerivedDataCache: Unable to find inner node Pak for hierarchical cache Hierarchy.
[2017.10.02-12.11.17:334][  0]LogDerivedDataCache: FDerivedDataBackendGraph:  CompressedPak pak cache file ../../../../../../Users/Andre/Documents/Unreal Projects/TutorialGameDev2/Tutorial2_AndreGema 4.17/DerivedDataCache/Compressed.ddp not found, will not use a pak cache.
[2017.10.02-12.11.17:334][  0]LogDerivedDataCache: Unable to find inner node CompressedPak for hierarchical cache Hierarchy.
[2017.10.02-12.11.17:452][  0]LogDerivedDataCache: Display: Pak cache opened for reading ../../../Engine/DerivedDataCache/Compressed.ddp.
[2017.10.02-12.11.17:485][  0]LogDerivedDataCache: Using Local data cache path C:/Users/Andre/AppData/Local/UnrealEngine/Common/DerivedDataCache: Writable
[2017.10.02-12.11.17:573][  0]LogMaterial: Verifying Global Shaders for PCD3D_SM5
[2017.10.02-12.11.17:686][  0]LogSlate: Using Freetype 2.6.0
[2017.10.02-12.11.17:893][  0]LogSlate: SlateFontCache - WITH_FREETYPE: 1, WITH_HARFBUZZ: 1
[2017.10.02-12.11.17:900][  0]LogSlate: SlateFontCache - WITH_FREETYPE: 1, WITH_HARFBUZZ: 1
[2017.10.02-12.11.28:938][  0]LogAssetRegistry: FAssetRegistry took 0.0323 seconds to start up
[2017.10.02-12.11.35:236][  0]LogInit: Selected Device Profile: [Windows]
[2017.10.02-12.11.44:512][  0]LogContentStreaming: Texture pool size is 0.00 MB
[2017.10.02-12.11.46:309][  0]LogSimplygon: Simplygon DLL not present - disabling.
[2017.10.02-12.11.46:467][  0]LogMeshReduction: Using SimplygonSwarm for distributed automatic mesh merging
[2017.10.02-12.11.46:484][  0]LogMeshReduction: Using QuadricMeshReduction for automatic static mesh reduction
[2017.10.02-12.11.46:484][  0]LogMeshReduction: No automatic skeletal mesh reduction module available
[2017.10.02-12.11.46:484][  0]LogMeshReduction: No automatic mesh merging module available
[2017.10.02-12.11.46:484][  0]LogMeshMerging: No automatic mesh merging module available
[2017.10.02-12.11.51:747][  0]LogNetVersion: Tutorial2_AndreGema , NetCL: 3573198, EngineNetVer: 2, GameNetVer: 0 (Checksum: 4002641178)
[2017.10.02-12.11.55:081][  0]LogPackageLocalizationCache: Processed 5 localized package path(s) for 2 prioritized culture(s) in 0.258748 seconds
[2017.10.02-12.11.55:110][  0]LogUObjectArray: 35825 objects as part of root set at end of initial load.
[2017.10.02-12.11.55:110][  0]LogUObjectAllocator: 7529112 out of 0 bytes used by permanent object pool.
[2017.10.02-12.11.55:110][  0]LogUObjectArray: CloseDisregardForGC: 0/0 objects in disregard for GC pool
[2017.10.02-12.11.55:253][  0]LogInit: WinSock: version 1.1 (2.2), MaxSocks=32767, MaxUdp=65467
[2017.10.02-12.12.44:165][  0]LogTcpMessaging: Initializing TcpMessaging bridge
[2017.10.02-12.12.44:210][  0]LogUdpMessaging: Initializing bridge on interface 0.0.0.0:0 to multicast group 230.0.0.1:6666.
[2017.10.02-12.12.47:656][  0]LogMaterial: Uniform references updated for custom material expression Custom.
[2017.10.02-12.12.49:379][  0]SourceControl: Source control is disabled
[2017.10.02-12.12.49:379][  0]SourceControl: Source control is disabled
[2017.10.02-12.12.49:642][  0]SourceControl: Source control is disabled
[2017.10.02-12.12.49:830][  0]SourceControl: Source control is disabled
[2017.10.02-12.12.51:827][  0]LogAndroidPermission: UAndroidPermissionCallbackProxy::GetInstance
[2017.10.02-12.12.52:225][  0]LogOcInput: OculusInput pre-init called
[2017.10.02-12.12.53:476][  0]LogEngine: Initializing Engine...
[2017.10.02-12.12.54:495][  0]LogHMD: Failed to initialize OpenVR with code 108
[2017.10.02-12.12.56:019][  0]LogStats: UGameplayTagsManager::ConstructGameplayTagTree: Construct from data asset -  0.000 s
[2017.10.02-12.12.56:020][  0]LogStats: UGameplayTagsManager::ConstructGameplayTagTree: GameplayTagTreeChangedEvent.Broadcast -  0.000 s
[2017.10.02-12.12.56:741][  0]LogAIModule: Creating AISystem for world Untitled
[2017.10.02-12.12.56:952][  0]LogInit: XAudio2 using 'Speakers (Realtek High Definition Audio)' : 2 channels at 48 kHz using 32 bits per sample (channel mask 0x3)
[2017.10.02-12.12.57:261][  0]LogInit: FAudioDevice initialized.
[2017.10.02-12.12.59:611][  0]LogDerivedDataCache: Saved boot cache 2.35s 93MB C:/Users/Andre/AppData/Local/UnrealEngine/4.17/DerivedDataCache/Boot.ddc.
[2017.10.02-12.12.59:628][  0]LogInit: Texture streaming: Enabled
[2017.10.02-12.13.00:190][  0]LogEngineSessionManager: EngineSessionManager initialized
[2017.10.02-12.13.01:896][  0]LogInit: Transaction tracking system initialized
[2017.10.02-12.13.03:189][  0]BlueprintLog: New page: Editor Load
[2017.10.02-12.13.06:657][  0]LocalizationService: Localization service is disabled
[2017.10.02-12.13.08:796][  0]LogConsoleResponse: Display: 
[2017.10.02-12.13.17:074][  0]LogFileCache: Scanning file cache for directory 'C:/Users/Andre/Documents/Unreal Projects/TutorialGameDev2/Tutorial2_AndreGema 4.17/Content/' took 0.31s
[2017.10.02-12.13.17:074][  0]LogCook: Display: Max memory allowance for cook 16384mb min free memory 0mb
[2017.10.02-12.13.17:074][  0]LogCook: Display: Mobile HDR setting 1
[2017.10.02-12.13.17:307][  0]LogGameplayTags: Display: UGameplayTagsManager::DoneAddingNativeTags. DelegateIsBound: 0
[2017.10.02-12.13.25:254][  0]SourceControl: Source control is disabled
[2017.10.02-12.13.25:402][  0]LightingResults: New page: Lighting Build
[2017.10.02-12.13.25:582][  0]MapCheck: New page: Map Check
[2017.10.02-12.13.25:583][  0]LightingResults: New page: Lighting Build
[2017.10.02-12.13.28:444][  0]LogAIModule: Creating AISystem for world 2DSideScrollerExampleMap
[2017.10.02-12.13.28:935][  0]LogEditorServer: Finished looking for orphan Actors (0.000 secs)
[2017.10.02-12.13.29:410][  0]Cmd: MAP CHECKDEP NOCLEARLOG
[2017.10.02-12.13.29:483][  0]MapCheck: Map check complete: 0 Error(s), 0 Warning(s), took 73.434ms to complete.
[2017.10.02-12.13.29:483][  0]LogFileHelpers: Loading map '2DSideScrollerExampleMap' took 4.203
[2017.10.02-12.13.33:412][  0]LogCollectionManager: Loaded 0 collections in 0.022230 seconds
[2017.10.02-12.13.34:186][  0]LogFileCache: Scanning file cache for directory 'C:/Users/Andre/Documents/Unreal Projects/TutorialGameDev2/Tutorial2_AndreGema 4.17/Saved/Collections/' took 0.01s
[2017.10.02-12.13.34:186][  0]LogFileCache: Scanning file cache for directory 'C:/Users/Andre/Documents/Unreal Projects/TutorialGameDev2/Tutorial2_AndreGema 4.17/Content/Developers/Andre/Collections/' took 0.01s
[2017.10.02-12.13.34:186][  0]LogFileCache: Scanning file cache for directory 'C:/Users/Andre/Documents/Unreal Projects/TutorialGameDev2/Tutorial2_AndreGema 4.17/Content/Collections/' took 0.01s
[2017.10.02-12.13.34:186][  0]LogCollectionManager: Rebuilt the GUID cache for 0 collections in 0.000000 seconds
[2017.10.02-12.13.34:430][  0]LogContentBrowser: Native class hierarchy populated in 0.0443 seconds. Added 2386 classes and 500 folders.
[2017.10.02-12.13.34:663][  0]LogContentBrowser: Native class hierarchy updated for 'WidgetCarousel' in 0.0361 seconds. Added 0 classes and 0 folders.
[2017.10.02-12.13.37:256][  0]LogContentBrowser: Native class hierarchy updated for 'AddContentDialog' in 0.0012 seconds. Added 0 classes and 0 folders.
[2017.10.02-12.13.37:447][  0]LogContentBrowser: Native class hierarchy updated for 'SceneOutliner' in 0.0012 seconds. Added 1 classes and 2 folders.
[2017.10.02-12.13.39:602][  0]LogSlate: Took 0.066547 seconds to synchronously load lazily loaded font '../../../Engine/Content/Slate/Fonts/Roboto-Regular.ttf' (155K)
[2017.10.02-12.13.39:652][  0]LogSlate: Took 0.026957 seconds to synchronously load lazily loaded font '../../../Engine/Content/Slate/Fonts/Roboto-Bold.ttf' (160K)
[2017.10.02-12.13.39:741][  0]LogSlate: Took 0.025738 seconds to synchronously load lazily loaded font '../../../Engine/Content/Editor/Slate/Fonts/FontAwesome.ttf' (139K)
[2017.10.02-12.13.40:368][  0]LogRenderer: Reallocating scene render targets to support 928x436 Format 10 NumSamples 1 (Frame:1).
[2017.10.02-12.13.41:519][  0]LogContentBrowser: Native class hierarchy updated for 'HierarchicalLODOutliner' in 0.0011 seconds. Added 1 classes and 2 folders.
[2017.10.02-12.13.41:520][  0]LogLoad: (Engine Initialization) Total time: 204.19 seconds
[2017.10.02-12.13.41:520][  0]LogLoad: (Engine Initialization) Total Blueprint compile time: 0.00 seconds
[2017.10.02-12.13.41:520][  0]LogExternalProfiler: Found external profiler: VSPerf
[2017.10.02-12.13.41:520][  0]LogExternalProfiler: Using external profiler: VSPerf
[2017.10.02-12.13.41:619][  0]LogContentStreaming: Texture pool size now 1000 MB
[2017.10.02-12.13.42:044][  2]LogAssetRegistry: Asset discovery search completed in 133.1280 seconds
[2017.10.02-12.13.42:049][  2]LogCollectionManager: Rebuilt the object cache for 0 collections in 0.000001 seconds (found 0 objects)
[2017.10.02-12.13.42:049][  2]LogCollectionManager: Fixed up redirectors for 0 collections in 0.000044 seconds (updated 0 objects)
[2017.10.02-12.13.50:193][162]LogSlate: Took 0.109281 seconds to synchronously load lazily loaded font '../../../Engine/Content/Slate/Fonts/Roboto-Light.ttf' (159K)
[2017.10.02-12.13.52:451][191]LogSlate: Warning: Prevented a slow task dialog from being summoned while a context menu was open
[2017.10.02-12.14.05:679][482]LogAIModule: Creating AISystem for world MyLevel
[2017.10.02-12.14.09:062][482]LogSlate: Took 0.000207 seconds to synchronously load lazily loaded font '../../../Engine/Content/Slate/Fonts/Roboto-Regular.ttf' (155K)
[2017.10.02-12.14.09:080][482]LogSavePackage: Save=198.38ms
[2017.10.02-12.14.09:080][482]LogSavePackage: Moving '../../../../../../Users/Andre/Documents/Unreal Projects/TutorialGameDev2/Tutorial2_AndreGema 4.17/Saved/2DSideScrollerExampleMapB1F2EC084C213E074B4623B85D730E5E.tmp' to '../../../../../../Users/Andre/Documents/Unreal Projects/TutorialGameDev2/Tutorial2_AndreGema 4.17/Content/2DSideScrollerBP/Maps/2DSideScrollerExampleMap.umap'
[2017.10.02-12.14.09:172][482]LogSavePackage: Display: Finished SavePackage ../../../../../../Users/Andre/Documents/Unreal Projects/TutorialGameDev2/Tutorial2_AndreGema 4.17/Content/2DSideScrollerBP/Maps/2DSideScrollerExampleMap.umap
[2017.10.02-12.14.09:214][482]LogFileHelpers: Saving map '2DSideScrollerExampleMap' took 0.740
[2017.10.02-12.14.09:221][482]Cmd: MAP LOAD FILE="../../../../../../Users/Andre/Documents/Unreal Projects/TutorialGameDev2/Tutorial2_AndreGema 4.17/Content/2DSideScrollerBP/Maps/MyLevel.umap" TEMPLATE=0 SHOWPROGRESS=1 FEATURELEVEL=3
[2017.10.02-12.14.09:221][482]LightingResults: New page: Lighting Build
[2017.10.02-12.14.09:222][482]LoadErrors: New page: Loading map: MyLevel.umap
[2017.10.02-12.14.09:223][482]MapCheck: New page: Map Check
[2017.10.02-12.14.09:223][482]LightingResults: New page: Lighting Build
[2017.10.02-12.14.09:351][482]LogEditorServer: Finished looking for orphan Actors (0.000 secs)
[2017.10.02-12.14.09:456][482]Cmd: MAP CHECKDEP NOCLEARLOG
[2017.10.02-12.14.09:511][482]MapCheck: Map check complete: 0 Error(s), 0 Warning(s), took 53.503ms to complete.
[2017.10.02-12.14.09:511][482]LogFileHelpers: Loading map 'MyLevel' took 0.296
[2017.10.02-12.14.26:877][897]LogTemp: Repeating last play command: Selected Viewport
[2017.10.02-12.14.31:169][897]LogPlayLevel: PlayLevel: No blueprints needed recompiling
[2017.10.02-12.14.31:181][897]PIE: New page: PIE session: MyLevel (3 Oct 2017 02:14:31)
[2017.10.02-12.14.31:181][897]LogPlayLevel: Creating play world package: /Game/2DSideScrollerBP/Maps/UEDPIE_0_MyLevel
[2017.10.02-12.14.31:207][897]LogPlayLevel: PIE: StaticDuplicateObject took: (0.026156s)
[2017.10.02-12.14.31:208][897]LogAIModule: Creating AISystem for world MyLevel
[2017.10.02-12.14.31:208][897]LogPlayLevel: PIE: World Init took: (0.000942s)
[2017.10.02-12.14.31:208][897]LogPlayLevel: PIE: Created PIE world by copying editor world from /Game/2DSideScrollerBP/Maps/MyLevel.MyLevel to /Game/2DSideScrollerBP/Maps/UEDPIE_0_MyLevel.MyLevel (0.027436s)
[2017.10.02-12.14.31:226][897]LogInit: XAudio2 using 'Speakers (Realtek High Definition Audio)' : 2 channels at 48 kHz using 32 bits per sample (channel mask 0x3)
[2017.10.02-12.14.31:237][897]LogInit: FAudioDevice initialized.
[2017.10.02-12.14.31:310][897]LogLoad: Game class is 'MyGameMode_C'
[2017.10.02-12.14.31:345][897]LogWorld: Bringing World /Game/2DSideScrollerBP/Maps/UEDPIE_0_MyLevel.MyLevel up for play (max tick rate 0) at 2017.10.02-19.14.31
[2017.10.02-12.14.31:379][897]LogWorld: Bringing up level for play took: 0.038045
[2017.10.02-12.14.31:575][897]LogContentBrowser: Native class hierarchy updated for 'MovieSceneCapture' in 0.0008 seconds. Added 11 classes and 0 folders.
[2017.10.02-12.14.31:610][897]PIE: Play in editor start time for /Game/2DSideScrollerBP/Maps/UEDPIE_0_MyLevel 1.321
[2017.10.02-12.14.31:849][898]LogCharacterMovement: Warning: GetSimulationTimeStep() - Max iterations 8 hit while remaining time 0.066973 > MaxSimulationTimeStep (0.050) for '2DSideScrollerCharacter_C_0', movement 'Walking'
[2017.10.02-12.14.51:012][458]LogTemp: Repeating last play command: Selected Viewport
[2017.10.02-12.14.51:035][458]LogPlayLevel: PlayLevel: No blueprints needed recompiling
[2017.10.02-12.14.51:036][458]PIE: New page: PIE session: MyLevel (3 Oct 2017 02:14:51)
[2017.10.02-12.14.51:036][458]LogPlayLevel: Creating play world package: /Game/2DSideScrollerBP/Maps/UEDPIE_0_MyLevel
[2017.10.02-12.14.51:037][458]LogPlayLevel: PIE: StaticDuplicateObject took: (0.001157s)
[2017.10.02-12.14.51:037][458]LogAIModule: Creating AISystem for world MyLevel
[2017.10.02-12.14.51:037][458]LogPlayLevel: PIE: World Init took: (0.000554s)
[2017.10.02-12.14.51:038][458]LogPlayLevel: PIE: Created PIE world by copying editor world from /Game/2DSideScrollerBP/Maps/MyLevel.MyLevel to /Game/2DSideScrollerBP/Maps/UEDPIE_0_MyLevel.MyLevel (0.001934s)
[2017.10.02-12.14.51:049][458]LogInit: XAudio2 using 'Speakers (Realtek High Definition Audio)' : 2 channels at 48 kHz using 32 bits per sample (channel mask 0x3)
[2017.10.02-12.14.51:060][458]LogInit: FAudioDevice initialized.
[2017.10.02-12.14.51:117][458]LogLoad: Game class is 'MyGameMode_C'
[2017.10.02-12.14.51:121][458]LogWorld: Bringing World /Game/2DSideScrollerBP/Maps/UEDPIE_0_MyLevel.MyLevel up for play (max tick rate 0) at 2017.10.02-19.14.51
[2017.10.02-12.14.51:122][458]LogWorld: Bringing up level for play took: 0.003334
[2017.10.02-12.14.51:123][458]PIE: Play in editor start time for /Game/2DSideScrollerBP/Maps/UEDPIE_0_MyLevel 0.834
[2017.10.02-12.14.53:734][539]LogHttp: Warning: 00000297C32A1A80: request failed, libcurl error: 6 (Couldn't resolve host name)
[2017.10.02-12.14.53:734][539]LogHttp: Warning: 00000297C32A1A80: libcurl info message cache 0 (Could not resolve host: datarouter.ol.epicgames.com)
[2017.10.02-12.14.53:734][539]LogHttp: Warning: 00000297C32A1A80: libcurl info message cache 1 (Closing connection 0)
[2017.10.02-12.15.10:900][ 11]LogTemp: Repeating last play command: Selected Viewport
[2017.10.02-12.15.10:923][ 11]LogPlayLevel: PlayLevel: No blueprints needed recompiling
[2017.10.02-12.15.10:923][ 11]PIE: New page: PIE session: MyLevel (3 Oct 2017 02:15:10)
[2017.10.02-12.15.10:923][ 11]LogPlayLevel: Creating play world package: /Game/2DSideScrollerBP/Maps/UEDPIE_0_MyLevel
[2017.10.02-12.15.10:924][ 11]LogPlayLevel: PIE: StaticDuplicateObject took: (0.001239s)
[2017.10.02-12.15.10:925][ 11]LogAIModule: Creating AISystem for world MyLevel
[2017.10.02-12.15.10:925][ 11]LogPlayLevel: PIE: World Init took: (0.000679s)
[2017.10.02-12.15.10:925][ 11]LogPlayLevel: PIE: Created PIE world by copying editor world from /Game/2DSideScrollerBP/Maps/MyLevel.MyLevel to /Game/2DSideScrollerBP/Maps/UEDPIE_0_MyLevel.MyLevel (0.002121s)
[2017.10.02-12.15.10:937][ 11]LogInit: XAudio2 using 'Speakers (Realtek High Definition Audio)' : 2 channels at 48 kHz using 32 bits per sample (channel mask 0x3)
[2017.10.02-12.15.11:072][ 11]LogInit: FAudioDevice initialized.
[2017.10.02-12.15.11:107][ 11]LogLoad: Game class is 'MyGameMode_C'
[2017.10.02-12.15.11:110][ 11]LogWorld: Bringing World /Game/2DSideScrollerBP/Maps/UEDPIE_0_MyLevel.MyLevel up for play (max tick rate 0) at 2017.10.02-19.15.11
[2017.10.02-12.15.11:111][ 11]LogWorld: Bringing up level for play took: 0.003127
[2017.10.02-12.15.11:113][ 11]PIE: Play in editor start time for /Game/2DSideScrollerBP/Maps/UEDPIE_0_MyLevel 0.824
